[09:06:56.916][info] [#0:/home/notrevew/.emacs.d/.cache/lsp/lua-language-server/main.lua:66]: Lua Lsp startup, root: 	/home/notrevew/.emacs.d/.cache/lsp/lua-language-server
[09:06:56.933][info] [#0:/home/notrevew/.emacs.d/.cache/lsp/lua-language-server/main.lua:67]: ROOT:	/home/notrevew/.emacs.d/.cache/lsp/lua-language-server
[09:06:56.933][info] [#0:/home/notrevew/.emacs.d/.cache/lsp/lua-language-server/main.lua:68]: LOGPATH:	/home/notrevew/.emacs.d/.cache/lsp/lua-language-server/log
[09:06:56.933][info] [#0:/home/notrevew/.emacs.d/.cache/lsp/lua-language-server/main.lua:69]: METAPATH:	/home/notrevew/.emacs.d/.cache/lsp/lua-language-server/meta
[09:06:56.951][info] [#0:/home/notrevew/.emacs.d/.cache/lsp/lua-language-server/main.lua:70]: VERSION:	3.6.18
[09:06:57.161][info] [#0:script/service/service.lua:144]: 
========= Medical Examination Report =========
    --------------- Memory ---------------
        Total: 2.111 MB
        # 00 : 2.111 MB
        # 01 : 0.000 MB
        # 02 : 0.000 MB
        # 03 : 0.000 MB
        # 04 : 0.000 MB
    --------------- Coroutine ---------------
        Total:     0
        Running:   0
        Suspended: 0
        Normal:    0
        Dead:      0
    --------------- Cache ---------------
        Total: 1
        Dead:  0
    ---------------  RPC  ---------------
        Holdon:   0
        Waiting:  0
==============================================
[09:06:57.192][info] [#0:script/client.lua:657]: Client init	{
  capabilities = {
    general = {
      positionEncodings = { "utf-32", "utf-16" }
    },
    textDocument = {
      callHierarchy = {
        dynamicRegistration = false
      },
      codeAction = {
        codeActionLiteralSupport = {
          codeActionKind = {
            valueSet = { "", "quickfix", "refactor", "refactor.extract", "refactor.inline", "refactor.rewrite", "source", "source.organizeImports" }
          }
        },
        dataSupport = true,
        dynamicRegistration = true,
        isPreferredSupport = true,
        resolveSupport = {
          properties = { "edit", "command" }
        }
      },
      completion = {
        completionItem = {
          deprecatedSupport = true,
          documentationFormat = { "markdown", "plaintext" },
          insertReplaceSupport = true,
          insertTextModeSupport = {
            valueSet = { 1, 2 }
          },
          resolveAdditionalTextEditsSupport = true,
          resolveSupport = {
            properties = { "documentation", "detail", "additionalTextEdits", "command" }
          },
          snippetSupport = false
        },
        contextSupport = true,
        dynamicRegistration = true
      },
      declaration = {
        dynamicRegistration = true,
        linkSupport = true
      },
      definition = {
        dynamicRegistration = true,
        linkSupport = true
      },
      documentLink = {
        dynamicRegistration = true,
        tooltipSupport = true
      },
      documentSymbol = {
        hierarchicalDocumentSymbolSupport = true,
        symbolKind = {
          valueSet = { 1, 2, 3, 4, 5, 6, 7, 8, 9, 10, 11, 12, 13, 14, 15, 16, 17, 18, 19, 20, 21, 22, 23, 24, 25, 26 }
        }
      },
      foldingRange = {
        dynamicRegistration = true
      },
      formatting = {
        dynamicRegistration = true
      },
      hover = {
        contentFormat = { "markdown", "plaintext" },
        dynamicRegistration = true
      },
      implementation = {
        dynamicRegistration = true,
        linkSupport = true
      },
      linkedEditingRange = {
        dynamicRegistration = true
      },
      onTypeFormatting = {
        dynamicRegistration = true
      },
      publishDiagnostics = {
        relatedInformation = true,
        tagSupport = {
          valueSet = { 1, 2 }
        },
        versionSupport = true
      },
      rangeFormatting = {
        dynamicRegistration = true
      },
      references = {
        dynamicRegistration = true
      },
      rename = {
        dynamicRegistration = true,
        prepareSupport = true
      },
      selectionRange = {
        dynamicRegistration = true
      },
      signatureHelp = {
        dynamicRegistration = true,
        signatureInformation = {
          parameterInformation = {
            labelOffsetSupport = true
          }
        }
      },
      synchronization = {
        didSave = true,
        willSave = true,
        willSaveWaitUntil = true
      },
      typeDefinition = {
        dynamicRegistration = true,
        linkSupport = true
      },
      typeHierarchy = {
        dynamicRegistration = true
      }
    },
    window = {
      showDocument = {
        support = true
      },
      workDoneProgress = true
    },
    workspace = {
      applyEdit = true,
      codeLens = {
        refreshSupport = true
      },
      configuration = true,
      didChangeWatchedFiles = {
        dynamicRegistration = true
      },
      executeCommand = {
        dynamicRegistration = false
      },
      fileOperations = {
        didCreate = false,
        didDelete = false,
        didRename = true,
        willCreate = false,
        willDelete = false,
        willRename = true
      },
      symbol = {
        symbolKind = {
          valueSet = { 1, 2, 3, 4, 5, 6, 7, 8, 9, 10, 11, 12, 13, 14, 15, 16, 17, 18, 19, 20, 21, 22, 23, 24, 25, 26 }
        }
      },
      workspaceEdit = {
        documentChanges = true,
        resourceOperations = { "create", "rename", "delete" }
      },
      workspaceFolders = true
    }
  },
  clientInfo = {
    name = "emacs",
    version = "GNU Emacs 28.2 (build 1, x86_64-pc-linux-gnu, GTK+ Version 3.24.36, cairo version 1.17.6)\n of 2023-01-02"
  },
  processId = 1825,
  rootPath = "/home/notrevew/Documents/lua",
  rootUri = "file:///home/notrevew/Documents/lua",
  workDoneToken = "1"
}
[09:06:57.193][info] [#0:script/language.lua:137]: VSC language: nil
[09:06:57.193][info] [#0:script/language.lua:138]: LS  language: en-us
[09:06:57.193][info] [#0:script/workspace/workspace.lua:38]: Workspace init root: 	file:///home/notrevew/Documents/lua
[09:06:57.193][info] [#0:script/workspace/workspace.lua:42]: Log path: 	/home/notrevew/.emacs.d/.cache/lsp/lua-language-server/log/file_home_notrevew_Documents_lua.log
[09:06:57.195][info] [#0:script/workspace/workspace.lua:48]: Workspace create: 	file:///home/notrevew/Documents/lua
[09:06:57.415][info] [#0:script/provider/provider.lua:46]: Load config from client	file:///home/notrevew/Documents/lua
[09:06:57.416][info] [#0:script/provider/provider.lua:47]: {
  Lua = {
    color = {
      mode = "Semantic"
    },
    completion = {
      callSnippet = "Disable",
      displayContext = 6,
      enable = true,
      keywordSnippet = "Replace",
      workspaceWord = true
    },
    develop = {
      debuggerPort = 11412,
      debuggerWait = false,
      enable = false
    },
    diagnostics = {
      enable = true,
      workspaceDelay = 0,
      workspaceRate = 100
    },
    hint = {
      enable = false,
      paramName = true,
      paramType = true
    },
    hover = {
      enable = true,
      fieldInfer = 3000,
      previewFields = 100,
      viewNumber = true,
      viewString = true,
      viewStringMax = 1000
    },
    intelliSense = {
      searchDepth = 0
    },
    runtime = {
      fileEncoding = "utf8",
      path = { "?.lua", "?/init.lua", "?/?.lua" },
      version = "Lua 5.4"
    },
    signatureHelp = {
      enable = true
    },
    telemetry = {
      enable = false
    },
    window = {
      progressBar = true,
      statusBar = true
    },
    workspace = {
      ignoreDir = { ".vscode" },
      ignoreSubmodules = true,
      maxPreload = 1000,
      preloadFileSize = 100,
      useGitIgnore = true
    }
  },
  ["files.associations"] = false,
  ["files.exclude"] = false
}
[09:06:57.517][info] [#0:script/provider/completion.lua:43]: Enable completion.
[09:06:57.517][info] [#0:script/provider/provider.lua:61]: Load config from client	fallback
[09:06:57.519][info] [#0:script/provider/provider.lua:62]: {
  Lua = {
    color = {
      mode = "Semantic"
    },
    completion = {
      callSnippet = "Disable",
      displayContext = 6,
      enable = true,
      keywordSnippet = "Replace",
      workspaceWord = true
    },
    develop = {
      debuggerPort = 11412,
      debuggerWait = false,
      enable = false
    },
    diagnostics = {
      enable = true,
      workspaceDelay = 0,
      workspaceRate = 100
    },
    hint = {
      enable = false,
      paramName = true,
      paramType = true
    },
    hover = {
      enable = true,
      fieldInfer = 3000,
      previewFields = 100,
      viewNumber = true,
      viewString = true,
      viewStringMax = 1000
    },
    intelliSense = {
      searchDepth = 0
    },
    runtime = {
      fileEncoding = "utf8",
      path = { "?.lua", "?/init.lua", "?/?.lua" },
      version = "Lua 5.4"
    },
    signatureHelp = {
      enable = true
    },
    telemetry = {
      enable = false
    },
    window = {
      progressBar = true,
      statusBar = true
    },
    workspace = {
      ignoreDir = { ".vscode" },
      ignoreSubmodules = true,
      maxPreload = 1000,
      preloadFileSize = 100,
      useGitIgnore = true
    }
  },
  ["files.associations"] = false,
  ["files.exclude"] = false
}
[09:06:57.519][info] [#0:script/library.lua:212]: Init builtin library at:	file:///home/notrevew/Documents/lua
[09:06:57.658][info] [#0:script/plugin.lua:86]: plugin path:	/home/notrevew/Documents/lua
[09:06:57.658][warn] [#0:script/plugin.lua:101]: plugin not found:	/home/notrevew/Documents/lua
[09:06:57.658][info] [#0:script/library.lua:212]: Init builtin library at:	nil
[09:06:57.742][info] [#0:script/workspace/workspace.lua:322]: Preload start:	file:///home/notrevew/Documents/lua
[09:06:57.753][info] [#0:script/workspace/workspace.lua:328]: Scan files at:	file:///home/notrevew/Documents/lua
[09:06:57.755][info] [#0:script/workspace/workspace.lua:322]: Preload start:	<fallback>
[09:06:57.764][info] [#0:script/workspace/workspace.lua:351]: Scan library at:	file:///home/notrevew/.emacs.d/.cache/lsp/lua-language-server/meta/Lua%205.4%20en-us%20utf8/table.lua
[09:06:57.765][info] [#0:script/workspace/workspace.lua:351]: Scan library at:	file:///home/notrevew/.emacs.d/.cache/lsp/lua-language-server/meta/Lua%205.4%20en-us%20utf8/builtin.lua
[09:06:57.767][info] [#0:script/workspace/workspace.lua:351]: Scan library at:	file:///home/notrevew/.emacs.d/.cache/lsp/lua-language-server/meta/Lua%205.4%20en-us%20utf8/debug.lua
[09:06:57.768][info] [#0:script/workspace/workspace.lua:351]: Scan library at:	file:///home/notrevew/.emacs.d/.cache/lsp/lua-language-server/meta/Lua%205.4%20en-us%20utf8/os.lua
[09:06:57.768][info] [#0:script/workspace/workspace.lua:351]: Scan library at:	file:///home/notrevew/.emacs.d/.cache/lsp/lua-language-server/meta/Lua%205.4%20en-us%20utf8/table.lua
[09:06:57.772][info] [#0:script/workspace/workspace.lua:351]: Scan library at:	file:///home/notrevew/.emacs.d/.cache/lsp/lua-language-server/meta/Lua%205.4%20en-us%20utf8/utf8.lua
[09:06:57.773][info] [#0:script/workspace/workspace.lua:351]: Scan library at:	file:///home/notrevew/.emacs.d/.cache/lsp/lua-language-server/meta/Lua%205.4%20en-us%20utf8/builtin.lua
[09:06:57.774][info] [#0:script/workspace/workspace.lua:351]: Scan library at:	file:///home/notrevew/.emacs.d/.cache/lsp/lua-language-server/meta/Lua%205.4%20en-us%20utf8/coroutine.lua
[09:06:57.774][info] [#0:script/workspace/workspace.lua:351]: Scan library at:	file:///home/notrevew/.emacs.d/.cache/lsp/lua-language-server/meta/Lua%205.4%20en-us%20utf8/debug.lua
[09:06:57.775][info] [#0:script/workspace/workspace.lua:351]: Scan library at:	file:///home/notrevew/.emacs.d/.cache/lsp/lua-language-server/meta/Lua%205.4%20en-us%20utf8/package.lua
[09:06:57.776][info] [#0:script/workspace/workspace.lua:351]: Scan library at:	file:///home/notrevew/.emacs.d/.cache/lsp/lua-language-server/meta/Lua%205.4%20en-us%20utf8/os.lua
[09:06:57.776][info] [#0:script/workspace/workspace.lua:351]: Scan library at:	file:///home/notrevew/.emacs.d/.cache/lsp/lua-language-server/meta/Lua%205.4%20en-us%20utf8/basic.lua
[09:06:57.776][info] [#0:script/workspace/workspace.lua:351]: Scan library at:	file:///home/notrevew/.emacs.d/.cache/lsp/lua-language-server/meta/Lua%205.4%20en-us%20utf8/utf8.lua
[09:06:57.777][info] [#0:script/workspace/workspace.lua:351]: Scan library at:	file:///home/notrevew/.emacs.d/.cache/lsp/lua-language-server/meta/Lua%205.4%20en-us%20utf8/math.lua
[09:06:57.777][info] [#0:script/workspace/workspace.lua:351]: Scan library at:	file:///home/notrevew/.emacs.d/.cache/lsp/lua-language-server/meta/Lua%205.4%20en-us%20utf8/coroutine.lua
[09:06:57.777][info] [#0:script/workspace/workspace.lua:351]: Scan library at:	file:///home/notrevew/.emacs.d/.cache/lsp/lua-language-server/meta/Lua%205.4%20en-us%20utf8/string.lua
[09:06:57.778][info] [#0:script/workspace/workspace.lua:351]: Scan library at:	file:///home/notrevew/.emacs.d/.cache/lsp/lua-language-server/meta/Lua%205.4%20en-us%20utf8/package.lua
[09:06:57.778][info] [#0:script/workspace/workspace.lua:351]: Scan library at:	file:///home/notrevew/.emacs.d/.cache/lsp/lua-language-server/meta/Lua%205.4%20en-us%20utf8/io.lua
[09:06:57.779][info] [#0:script/workspace/workspace.lua:351]: Scan library at:	file:///home/notrevew/.emacs.d/.cache/lsp/lua-language-server/meta/Lua%205.4%20en-us%20utf8/basic.lua
[09:06:57.779][info] [#0:script/workspace/workspace.lua:351]: Scan library at:	file:///home/notrevew/.emacs.d/.cache/lsp/lua-language-server/meta/Lua%205.4%20en-us%20utf8/math.lua
[09:06:57.779][info] [#0:script/workspace/workspace.lua:351]: Scan library at:	file:///home/notrevew/.emacs.d/.cache/lsp/lua-language-server/meta/Lua%205.4%20en-us%20utf8/string.lua
[09:06:57.780][info] [#0:script/workspace/workspace.lua:351]: Scan library at:	file:///home/notrevew/.emacs.d/.cache/lsp/lua-language-server/meta/Lua%205.4%20en-us%20utf8/io.lua
[09:06:57.881][info] [#0:script/workspace/workspace.lua:377]: Found 11 files at:	<fallback>
[09:06:57.881][info] [#0:script/workspace/loading.lua:161]: Load files from disk:	<fallback>
[09:06:57.881][info] [#0:script/workspace/workspace.lua:377]: Found 13 files at:	file:///home/notrevew/Documents/lua
[09:06:57.882][info] [#0:script/workspace/loading.lua:161]: Load files from disk:	file:///home/notrevew/Documents/lua
[09:06:57.885][info] [#0:script/workspace/loading.lua:101]: Preload file at: file:///home/notrevew/.emacs.d/.cache/lsp/lua-language-server/meta/Lua%205.4%20en-us%20utf8/io.lua , size = 6.364 KB
[09:06:57.911][info] [#0:script/workspace/loading.lua:113]: ++++As library of:	file:///home/notrevew/.emacs.d/.cache/lsp/lua-language-server/meta/Lua%205.4%20en-us%20utf8/io.lua
[09:06:57.912][info] [#0:script/workspace/loading.lua:98]: Skip loaded file: file:///home/notrevew/.emacs.d/.cache/lsp/lua-language-server/meta/Lua%205.4%20en-us%20utf8/io.lua
[09:06:57.915][info] [#0:script/workspace/loading.lua:101]: Preload file at: file:///home/notrevew/.emacs.d/.cache/lsp/lua-language-server/meta/Lua%205.4%20en-us%20utf8/string.lua , size = 6.302 KB
[09:06:57.940][info] [#0:script/workspace/loading.lua:113]: ++++As library of:	file:///home/notrevew/.emacs.d/.cache/lsp/lua-language-server/meta/Lua%205.4%20en-us%20utf8/string.lua
[09:06:57.940][info] [#0:script/workspace/loading.lua:89]: Skip loaded file: file:///home/notrevew/.emacs.d/.cache/lsp/lua-language-server/meta/Lua%205.4%20en-us%20utf8/string.lua
[09:06:57.940][info] [#0:script/workspace/loading.lua:113]: ++++As library of:	file:///home/notrevew/.emacs.d/.cache/lsp/lua-language-server/meta/Lua%205.4%20en-us%20utf8/string.lua
[09:06:57.940][info] [#0:script/workspace/loading.lua:101]: Preload file at: file:///home/notrevew/.emacs.d/.cache/lsp/lua-language-server/meta/Lua%205.4%20en-us%20utf8/math.lua , size = 8.731 KB
[09:06:57.963][info] [#0:script/workspace/loading.lua:113]: ++++As library of:	file:///home/notrevew/.emacs.d/.cache/lsp/lua-language-server/meta/Lua%205.4%20en-us%20utf8/math.lua
[09:06:57.963][info] [#0:script/workspace/loading.lua:89]: Skip loaded file: file:///home/notrevew/.emacs.d/.cache/lsp/lua-language-server/meta/Lua%205.4%20en-us%20utf8/math.lua
[09:06:57.963][info] [#0:script/workspace/loading.lua:113]: ++++As library of:	file:///home/notrevew/.emacs.d/.cache/lsp/lua-language-server/meta/Lua%205.4%20en-us%20utf8/math.lua
[09:06:57.964][info] [#0:script/workspace/loading.lua:101]: Preload file at: file:///home/notrevew/.emacs.d/.cache/lsp/lua-language-server/meta/Lua%205.4%20en-us%20utf8/basic.lua , size = 14.160 KB
[09:06:58.001][info] [#0:script/workspace/loading.lua:113]: ++++As library of:	file:///home/notrevew/.emacs.d/.cache/lsp/lua-language-server/meta/Lua%205.4%20en-us%20utf8/basic.lua
[09:06:58.001][info] [#0:script/workspace/loading.lua:101]: Preload file at: file:///home/notrevew/.emacs.d/.cache/lsp/lua-language-server/meta/Lua%205.4%20en-us%20utf8/package.lua , size = 2.944 KB
[09:06:58.009][info] [#0:script/workspace/loading.lua:113]: ++++As library of:	file:///home/notrevew/.emacs.d/.cache/lsp/lua-language-server/meta/Lua%205.4%20en-us%20utf8/package.lua
[09:06:58.009][info] [#0:script/workspace/loading.lua:98]: Skip loaded file: file:///home/notrevew/.emacs.d/.cache/lsp/lua-language-server/meta/Lua%205.4%20en-us%20utf8/basic.lua
[09:06:58.009][info] [#0:script/workspace/loading.lua:89]: Skip loaded file: file:///home/notrevew/.emacs.d/.cache/lsp/lua-language-server/meta/Lua%205.4%20en-us%20utf8/package.lua
[09:06:58.010][info] [#0:script/workspace/loading.lua:113]: ++++As library of:	file:///home/notrevew/.emacs.d/.cache/lsp/lua-language-server/meta/Lua%205.4%20en-us%20utf8/package.lua
[09:06:58.010][info] [#0:script/workspace/loading.lua:101]: Preload file at: file:///home/notrevew/.emacs.d/.cache/lsp/lua-language-server/meta/Lua%205.4%20en-us%20utf8/coroutine.lua , size = 2.590 KB
[09:06:58.017][info] [#0:script/workspace/loading.lua:113]: ++++As library of:	file:///home/notrevew/.emacs.d/.cache/lsp/lua-language-server/meta/Lua%205.4%20en-us%20utf8/coroutine.lua
[09:06:58.017][info] [#0:script/workspace/loading.lua:98]: Skip loaded file: file:///home/notrevew/.emacs.d/.cache/lsp/lua-language-server/meta/Lua%205.4%20en-us%20utf8/coroutine.lua
[09:06:58.017][info] [#0:script/workspace/loading.lua:101]: Preload file at: file:///home/notrevew/.emacs.d/.cache/lsp/lua-language-server/meta/Lua%205.4%20en-us%20utf8/utf8.lua , size = 2.386 KB
[09:06:58.026][info] [#0:script/workspace/loading.lua:113]: ++++As library of:	file:///home/notrevew/.emacs.d/.cache/lsp/lua-language-server/meta/Lua%205.4%20en-us%20utf8/utf8.lua
[09:06:58.026][info] [#0:script/workspace/loading.lua:89]: Skip loaded file: file:///home/notrevew/.emacs.d/.cache/lsp/lua-language-server/meta/Lua%205.4%20en-us%20utf8/utf8.lua
[09:06:58.026][info] [#0:script/workspace/loading.lua:113]: ++++As library of:	file:///home/notrevew/.emacs.d/.cache/lsp/lua-language-server/meta/Lua%205.4%20en-us%20utf8/utf8.lua
[09:06:58.027][info] [#0:script/workspace/loading.lua:101]: Preload file at: file:///home/notrevew/.emacs.d/.cache/lsp/lua-language-server/meta/Lua%205.4%20en-us%20utf8/os.lua , size = 4.347 KB
[09:06:58.039][info] [#0:script/workspace/loading.lua:113]: ++++As library of:	file:///home/notrevew/.emacs.d/.cache/lsp/lua-language-server/meta/Lua%205.4%20en-us%20utf8/os.lua
[09:06:58.039][info] [#0:script/workspace/loading.lua:89]: Skip loaded file: file:///home/notrevew/.emacs.d/.cache/lsp/lua-language-server/meta/Lua%205.4%20en-us%20utf8/os.lua
[09:06:58.039][info] [#0:script/workspace/loading.lua:113]: ++++As library of:	file:///home/notrevew/.emacs.d/.cache/lsp/lua-language-server/meta/Lua%205.4%20en-us%20utf8/os.lua
[09:06:58.040][info] [#0:script/workspace/loading.lua:101]: Preload file at: file:///home/notrevew/.emacs.d/.cache/lsp/lua-language-server/meta/Lua%205.4%20en-us%20utf8/debug.lua , size = 7.637 KB
[09:06:58.076][info] [#0:script/workspace/loading.lua:113]: ++++As library of:	file:///home/notrevew/.emacs.d/.cache/lsp/lua-language-server/meta/Lua%205.4%20en-us%20utf8/debug.lua
[09:06:58.076][info] [#0:script/workspace/loading.lua:98]: Skip loaded file: file:///home/notrevew/.emacs.d/.cache/lsp/lua-language-server/meta/Lua%205.4%20en-us%20utf8/debug.lua
[09:06:58.077][info] [#0:script/workspace/loading.lua:101]: Preload file at: file:///home/notrevew/.emacs.d/.cache/lsp/lua-language-server/meta/Lua%205.4%20en-us%20utf8/builtin.lua , size = 0.302 KB
[09:06:58.081][info] [#0:script/workspace/loading.lua:113]: ++++As library of:	file:///home/notrevew/.emacs.d/.cache/lsp/lua-language-server/meta/Lua%205.4%20en-us%20utf8/builtin.lua
[09:06:58.081][info] [#0:script/workspace/loading.lua:98]: Skip loaded file: file:///home/notrevew/.emacs.d/.cache/lsp/lua-language-server/meta/Lua%205.4%20en-us%20utf8/builtin.lua
[09:06:58.081][info] [#0:script/workspace/loading.lua:101]: Preload file at: file:///home/notrevew/.emacs.d/.cache/lsp/lua-language-server/meta/Lua%205.4%20en-us%20utf8/table.lua , size = 4.230 KB
[09:06:58.093][info] [#0:script/workspace/loading.lua:113]: ++++As library of:	file:///home/notrevew/.emacs.d/.cache/lsp/lua-language-server/meta/Lua%205.4%20en-us%20utf8/table.lua
[09:06:58.094][info] [#0:script/workspace/loading.lua:98]: Skip loaded file: file:///home/notrevew/.emacs.d/.cache/lsp/lua-language-server/meta/Lua%205.4%20en-us%20utf8/table.lua
[09:06:58.094][info] [#0:script/workspace/loading.lua:89]: Skip loaded file: file:///home/notrevew/Documents/lua/ola.lua
[09:06:58.094][info] [#0:script/workspace/loading.lua:173]: Loaded files takes [0.192] sec: file:///home/notrevew/Documents/lua
[09:06:58.094][info] [#0:script/workspace/loading.lua:182]: Compile files takes [0.000] sec: file:///home/notrevew/Documents/lua
[09:06:58.094][info] [#0:script/workspace/loading.lua:183]: Loaded finish:	file:///home/notrevew/Documents/lua
[09:06:58.094][info] [#0:script/workspace/workspace.lua:379]: Preload finish at:	file:///home/notrevew/Documents/lua
[09:06:58.344][info] [#0:script/workspace/loading.lua:173]: Loaded files takes [0.213] sec: <fallback>
[09:06:58.345][info] [#0:script/workspace/loading.lua:182]: Compile files takes [0.000] sec: <fallback>
[09:06:58.345][info] [#0:script/workspace/loading.lua:183]: Loaded finish:	<fallback>
[09:06:58.345][info] [#0:script/workspace/workspace.lua:379]: Preload finish at:	<fallback>
[09:06:59.419][info] [#0:script/provider/diagnostic.lua:557]: Diagnostics scope [file:///home/notrevew/Documents/lua], files count:[12]
[09:06:59.487][info] [#0:script/provider/diagnostic.lua:574]: Diagnostics scope [file:///home/notrevew/Documents/lua] finished, takes [0.031] sec.
[09:07:09.277][info] [#0:script/provider/diagnostic.lua:171]: clearDiagnostics	file:///home/notrevew/Documents/lua/ola.lua
[09:07:30.208][info] [#0:script/provider/diagnostic.lua:171]: clearDiagnostics	file:///home/notrevew/Documents/lua/ola.lua
[09:07:56.159][info] [#0:script/provider/diagnostic.lua:171]: clearDiagnostics	file:///home/notrevew/Documents/lua/ola.lua
[09:07:58.064][info] [#0:script/provider/diagnostic.lua:171]: clearDiagnostics	file:///home/notrevew/Documents/lua/ola.lua
[09:08:49.305][info] [#0:script/provider/provider.lua:169]: Server shutdown.
