[12:12:07.796][info] [#0:/home/notrevew/.emacs.d/.cache/lsp/lua-language-server/main.lua:66]: Lua Lsp startup, root: 	/home/notrevew/.emacs.d/.cache/lsp/lua-language-server
[12:12:07.822][info] [#0:/home/notrevew/.emacs.d/.cache/lsp/lua-language-server/main.lua:67]: ROOT:	/home/notrevew/.emacs.d/.cache/lsp/lua-language-server
[12:12:07.822][info] [#0:/home/notrevew/.emacs.d/.cache/lsp/lua-language-server/main.lua:68]: LOGPATH:	/home/notrevew/.emacs.d/.cache/lsp/lua-language-server/log
[12:12:07.822][info] [#0:/home/notrevew/.emacs.d/.cache/lsp/lua-language-server/main.lua:69]: METAPATH:	/home/notrevew/.emacs.d/.cache/lsp/lua-language-server/meta
[12:12:07.856][info] [#0:/home/notrevew/.emacs.d/.cache/lsp/lua-language-server/main.lua:70]: VERSION:	3.6.18
[12:12:08.061][info] [#0:script/service/service.lua:144]: 
========= Medical Examination Report =========
    --------------- Memory ---------------
        Total: 2.111 MB
        # 00 : 2.111 MB
        # 01 : 0.000 MB
        # 02 : 0.000 MB
        # 03 : 0.000 MB
        # 04 : 0.000 MB
    --------------- Coroutine ---------------
        Total:     0
        Running:   0
        Suspended: 0
        Normal:    0
        Dead:      0
    --------------- Cache ---------------
        Total: 1
        Dead:  0
    ---------------  RPC  ---------------
        Holdon:   0
        Waiting:  0
==============================================
[12:12:08.093][info] [#0:script/client.lua:657]: Client init	{
  capabilities = {
    general = {
      positionEncodings = { "utf-32", "utf-16" }
    },
    textDocument = {
      callHierarchy = {
        dynamicRegistration = false
      },
      codeAction = {
        codeActionLiteralSupport = {
          codeActionKind = {
            valueSet = { "", "quickfix", "refactor", "refactor.extract", "refactor.inline", "refactor.rewrite", "source", "source.organizeImports" }
          }
        },
        dataSupport = true,
        dynamicRegistration = true,
        isPreferredSupport = true,
        resolveSupport = {
          properties = { "edit", "command" }
        }
      },
      completion = {
        completionItem = {
          deprecatedSupport = true,
          documentationFormat = { "markdown", "plaintext" },
          insertReplaceSupport = true,
          insertTextModeSupport = {
            valueSet = { 1, 2 }
          },
          resolveAdditionalTextEditsSupport = true,
          resolveSupport = {
            properties = { "documentation", "detail", "additionalTextEdits", "command" }
          },
          snippetSupport = false
        },
        contextSupport = true,
        dynamicRegistration = true
      },
      declaration = {
        dynamicRegistration = true,
        linkSupport = true
      },
      definition = {
        dynamicRegistration = true,
        linkSupport = true
      },
      documentLink = {
        dynamicRegistration = true,
        tooltipSupport = true
      },
      documentSymbol = {
        hierarchicalDocumentSymbolSupport = true,
        symbolKind = {
          valueSet = { 1, 2, 3, 4, 5, 6, 7, 8, 9, 10, 11, 12, 13, 14, 15, 16, 17, 18, 19, 20, 21, 22, 23, 24, 25, 26 }
        }
      },
      foldingRange = {
        dynamicRegistration = true
      },
      formatting = {
        dynamicRegistration = true
      },
      hover = {
        contentFormat = { "markdown", "plaintext" },
        dynamicRegistration = true
      },
      implementation = {
        dynamicRegistration = true,
        linkSupport = true
      },
      linkedEditingRange = {
        dynamicRegistration = true
      },
      onTypeFormatting = {
        dynamicRegistration = true
      },
      publishDiagnostics = {
        relatedInformation = true,
        tagSupport = {
          valueSet = { 1, 2 }
        },
        versionSupport = true
      },
      rangeFormatting = {
        dynamicRegistration = true
      },
      references = {
        dynamicRegistration = true
      },
      rename = {
        dynamicRegistration = true,
        prepareSupport = true
      },
      selectionRange = {
        dynamicRegistration = true
      },
      signatureHelp = {
        dynamicRegistration = true,
        signatureInformation = {
          parameterInformation = {
            labelOffsetSupport = true
          }
        }
      },
      synchronization = {
        didSave = true,
        willSave = true,
        willSaveWaitUntil = true
      },
      typeDefinition = {
        dynamicRegistration = true,
        linkSupport = true
      },
      typeHierarchy = {
        dynamicRegistration = true
      }
    },
    window = {
      showDocument = {
        support = true
      },
      workDoneProgress = true
    },
    workspace = {
      applyEdit = true,
      codeLens = {
        refreshSupport = true
      },
      configuration = true,
      didChangeWatchedFiles = {
        dynamicRegistration = true
      },
      executeCommand = {
        dynamicRegistration = false
      },
      fileOperations = {
        didCreate = false,
        didDelete = false,
        didRename = true,
        willCreate = false,
        willDelete = false,
        willRename = true
      },
      symbol = {
        symbolKind = {
          valueSet = { 1, 2, 3, 4, 5, 6, 7, 8, 9, 10, 11, 12, 13, 14, 15, 16, 17, 18, 19, 20, 21, 22, 23, 24, 25, 26 }
        }
      },
      workspaceEdit = {
        documentChanges = true,
        resourceOperations = { "create", "rename", "delete" }
      },
      workspaceFolders = true
    }
  },
  clientInfo = {
    name = "emacs",
    version = "GNU Emacs 28.2 (build 1, x86_64-pc-linux-gnu, GTK+ Version 3.24.36, cairo version 1.17.6)\n of 2023-01-02"
  },
  processId = 23874,
  rootPath = "/home/notrevew/Documents/aulas_de_lua/aula01",
  rootUri = "file:///home/notrevew/Documents/aulas_de_lua/aula01",
  workDoneToken = "1"
}
[12:12:08.106][info] [#0:script/language.lua:137]: VSC language: nil
[12:12:08.106][info] [#0:script/language.lua:138]: LS  language: en-us
[12:12:08.106][info] [#0:script/workspace/workspace.lua:38]: Workspace init root: 	file:///home/notrevew/Documents/aulas_de_lua/aula01
[12:12:08.107][info] [#0:script/workspace/workspace.lua:42]: Log path: 	/home/notrevew/.emacs.d/.cache/lsp/lua-language-server/log/file_home_notrevew_Documents_aulas_de_lua_aula01.log
[12:12:08.158][info] [#0:script/workspace/workspace.lua:48]: Workspace create: 	file:///home/notrevew/Documents/aulas_de_lua/aula01
[12:12:08.484][info] [#0:script/provider/provider.lua:46]: Load config from client	file:///home/notrevew/Documents/aulas_de_lua/aula01
[12:12:08.485][info] [#0:script/provider/provider.lua:47]: {
  Lua = {
    color = {
      mode = "Semantic"
    },
    completion = {
      callSnippet = "Disable",
      displayContext = 6,
      enable = true,
      keywordSnippet = "Replace",
      workspaceWord = true
    },
    develop = {
      debuggerPort = 11412,
      debuggerWait = false,
      enable = false
    },
    diagnostics = {
      enable = true,
      workspaceDelay = 0,
      workspaceRate = 100
    },
    hint = {
      enable = false,
      paramName = true,
      paramType = true
    },
    hover = {
      enable = true,
      fieldInfer = 3000,
      previewFields = 100,
      viewNumber = true,
      viewString = true,
      viewStringMax = 1000
    },
    intelliSense = {
      searchDepth = 0
    },
    runtime = {
      fileEncoding = "utf8",
      path = { "?.lua", "?/init.lua", "?/?.lua" },
      version = "Lua 5.4"
    },
    signatureHelp = {
      enable = true
    },
    telemetry = {
      enable = false
    },
    window = {
      progressBar = true,
      statusBar = true
    },
    workspace = {
      ignoreDir = { ".vscode" },
      ignoreSubmodules = true,
      maxPreload = 1000,
      preloadFileSize = 100,
      useGitIgnore = true
    }
  },
  ["files.associations"] = false,
  ["files.exclude"] = false
}
[12:12:08.486][info] [#0:script/provider/completion.lua:43]: Enable completion.
[12:12:08.687][info] [#0:script/provider/provider.lua:61]: Load config from client	fallback
[12:12:08.688][info] [#0:script/provider/provider.lua:62]: {
  Lua = {
    color = {
      mode = "Semantic"
    },
    completion = {
      callSnippet = "Disable",
      displayContext = 6,
      enable = true,
      keywordSnippet = "Replace",
      workspaceWord = true
    },
    develop = {
      debuggerPort = 11412,
      debuggerWait = false,
      enable = false
    },
    diagnostics = {
      enable = true,
      workspaceDelay = 0,
      workspaceRate = 100
    },
    hint = {
      enable = false,
      paramName = true,
      paramType = true
    },
    hover = {
      enable = true,
      fieldInfer = 3000,
      previewFields = 100,
      viewNumber = true,
      viewString = true,
      viewStringMax = 1000
    },
    intelliSense = {
      searchDepth = 0
    },
    runtime = {
      fileEncoding = "utf8",
      path = { "?.lua", "?/init.lua", "?/?.lua" },
      version = "Lua 5.4"
    },
    signatureHelp = {
      enable = true
    },
    telemetry = {
      enable = false
    },
    window = {
      progressBar = true,
      statusBar = true
    },
    workspace = {
      ignoreDir = { ".vscode" },
      ignoreSubmodules = true,
      maxPreload = 1000,
      preloadFileSize = 100,
      useGitIgnore = true
    }
  },
  ["files.associations"] = false,
  ["files.exclude"] = false
}
[12:12:08.689][info] [#0:script/library.lua:212]: Init builtin library at:	file:///home/notrevew/Documents/aulas_de_lua/aula01
[12:12:08.816][info] [#0:script/plugin.lua:86]: plugin path:	/home/notrevew/Documents/aulas_de_lua/aula01
[12:12:08.816][warn] [#0:script/plugin.lua:101]: plugin not found:	/home/notrevew/Documents/aulas_de_lua/aula01
[12:12:08.816][info] [#0:script/library.lua:212]: Init builtin library at:	nil
[12:12:08.862][info] [#0:script/workspace/workspace.lua:322]: Preload start:	file:///home/notrevew/Documents/aulas_de_lua/aula01
[12:12:08.872][info] [#0:script/workspace/workspace.lua:328]: Scan files at:	file:///home/notrevew/Documents/aulas_de_lua/aula01
[12:12:08.874][info] [#0:script/workspace/workspace.lua:322]: Preload start:	<fallback>
[12:12:08.884][info] [#0:script/workspace/workspace.lua:351]: Scan library at:	file:///home/notrevew/.emacs.d/.cache/lsp/lua-language-server/meta/Lua%205.4%20en-us%20utf8/table.lua
[12:12:08.885][info] [#0:script/workspace/workspace.lua:351]: Scan library at:	file:///home/notrevew/.emacs.d/.cache/lsp/lua-language-server/meta/Lua%205.4%20en-us%20utf8/builtin.lua
[12:12:08.886][info] [#0:script/workspace/workspace.lua:351]: Scan library at:	file:///home/notrevew/.emacs.d/.cache/lsp/lua-language-server/meta/Lua%205.4%20en-us%20utf8/debug.lua
[12:12:08.886][info] [#0:script/workspace/workspace.lua:351]: Scan library at:	file:///home/notrevew/.emacs.d/.cache/lsp/lua-language-server/meta/Lua%205.4%20en-us%20utf8/os.lua
[12:12:08.887][info] [#0:script/workspace/workspace.lua:351]: Scan library at:	file:///home/notrevew/.emacs.d/.cache/lsp/lua-language-server/meta/Lua%205.4%20en-us%20utf8/table.lua
[12:12:08.887][info] [#0:script/workspace/workspace.lua:351]: Scan library at:	file:///home/notrevew/.emacs.d/.cache/lsp/lua-language-server/meta/Lua%205.4%20en-us%20utf8/utf8.lua
[12:12:08.888][info] [#0:script/workspace/workspace.lua:351]: Scan library at:	file:///home/notrevew/.emacs.d/.cache/lsp/lua-language-server/meta/Lua%205.4%20en-us%20utf8/builtin.lua
[12:12:08.888][info] [#0:script/workspace/workspace.lua:351]: Scan library at:	file:///home/notrevew/.emacs.d/.cache/lsp/lua-language-server/meta/Lua%205.4%20en-us%20utf8/coroutine.lua
[12:12:08.889][info] [#0:script/workspace/workspace.lua:351]: Scan library at:	file:///home/notrevew/.emacs.d/.cache/lsp/lua-language-server/meta/Lua%205.4%20en-us%20utf8/debug.lua
[12:12:08.889][info] [#0:script/workspace/workspace.lua:351]: Scan library at:	file:///home/notrevew/.emacs.d/.cache/lsp/lua-language-server/meta/Lua%205.4%20en-us%20utf8/package.lua
[12:12:08.890][info] [#0:script/workspace/workspace.lua:351]: Scan library at:	file:///home/notrevew/.emacs.d/.cache/lsp/lua-language-server/meta/Lua%205.4%20en-us%20utf8/os.lua
[12:12:08.891][info] [#0:script/workspace/workspace.lua:351]: Scan library at:	file:///home/notrevew/.emacs.d/.cache/lsp/lua-language-server/meta/Lua%205.4%20en-us%20utf8/basic.lua
[12:12:08.891][info] [#0:script/workspace/workspace.lua:351]: Scan library at:	file:///home/notrevew/.emacs.d/.cache/lsp/lua-language-server/meta/Lua%205.4%20en-us%20utf8/utf8.lua
[12:12:08.892][info] [#0:script/workspace/workspace.lua:351]: Scan library at:	file:///home/notrevew/.emacs.d/.cache/lsp/lua-language-server/meta/Lua%205.4%20en-us%20utf8/math.lua
[12:12:08.892][info] [#0:script/workspace/workspace.lua:351]: Scan library at:	file:///home/notrevew/.emacs.d/.cache/lsp/lua-language-server/meta/Lua%205.4%20en-us%20utf8/coroutine.lua
[12:12:08.892][info] [#0:script/workspace/workspace.lua:351]: Scan library at:	file:///home/notrevew/.emacs.d/.cache/lsp/lua-language-server/meta/Lua%205.4%20en-us%20utf8/string.lua
[12:12:08.893][info] [#0:script/workspace/workspace.lua:351]: Scan library at:	file:///home/notrevew/.emacs.d/.cache/lsp/lua-language-server/meta/Lua%205.4%20en-us%20utf8/package.lua
[12:12:08.893][info] [#0:script/workspace/workspace.lua:351]: Scan library at:	file:///home/notrevew/.emacs.d/.cache/lsp/lua-language-server/meta/Lua%205.4%20en-us%20utf8/io.lua
[12:12:08.894][info] [#0:script/workspace/workspace.lua:351]: Scan library at:	file:///home/notrevew/.emacs.d/.cache/lsp/lua-language-server/meta/Lua%205.4%20en-us%20utf8/basic.lua
[12:12:08.894][info] [#0:script/workspace/workspace.lua:351]: Scan library at:	file:///home/notrevew/.emacs.d/.cache/lsp/lua-language-server/meta/Lua%205.4%20en-us%20utf8/math.lua
[12:12:08.894][info] [#0:script/workspace/workspace.lua:351]: Scan library at:	file:///home/notrevew/.emacs.d/.cache/lsp/lua-language-server/meta/Lua%205.4%20en-us%20utf8/string.lua
[12:12:08.895][info] [#0:script/workspace/workspace.lua:351]: Scan library at:	file:///home/notrevew/.emacs.d/.cache/lsp/lua-language-server/meta/Lua%205.4%20en-us%20utf8/io.lua
[12:12:08.996][info] [#0:script/workspace/workspace.lua:377]: Found 11 files at:	<fallback>
[12:12:08.996][info] [#0:script/workspace/loading.lua:161]: Load files from disk:	<fallback>
[12:12:08.996][info] [#0:script/workspace/workspace.lua:377]: Found 13 files at:	file:///home/notrevew/Documents/aulas_de_lua/aula01
[12:12:08.996][info] [#0:script/workspace/loading.lua:161]: Load files from disk:	file:///home/notrevew/Documents/aulas_de_lua/aula01
[12:12:08.998][info] [#0:script/workspace/loading.lua:89]: Skip loaded file: file:///home/notrevew/Documents/aulas_de_lua/aula01/variaveis.lua
[12:12:09.100][info] [#0:script/workspace/loading.lua:101]: Preload file at: file:///home/notrevew/.emacs.d/.cache/lsp/lua-language-server/meta/Lua%205.4%20en-us%20utf8/io.lua , size = 6.364 KB
[12:12:09.121][info] [#0:script/workspace/loading.lua:113]: ++++As library of:	file:///home/notrevew/.emacs.d/.cache/lsp/lua-language-server/meta/Lua%205.4%20en-us%20utf8/io.lua
[12:12:09.121][info] [#0:script/workspace/loading.lua:98]: Skip loaded file: file:///home/notrevew/.emacs.d/.cache/lsp/lua-language-server/meta/Lua%205.4%20en-us%20utf8/io.lua
[12:12:09.121][info] [#0:script/workspace/loading.lua:101]: Preload file at: file:///home/notrevew/.emacs.d/.cache/lsp/lua-language-server/meta/Lua%205.4%20en-us%20utf8/string.lua , size = 6.302 KB
[12:12:09.144][info] [#0:script/workspace/loading.lua:113]: ++++As library of:	file:///home/notrevew/.emacs.d/.cache/lsp/lua-language-server/meta/Lua%205.4%20en-us%20utf8/string.lua
[12:12:09.144][info] [#0:script/workspace/loading.lua:101]: Preload file at: file:///home/notrevew/.emacs.d/.cache/lsp/lua-language-server/meta/Lua%205.4%20en-us%20utf8/math.lua , size = 8.731 KB
[12:12:09.166][info] [#0:script/workspace/loading.lua:113]: ++++As library of:	file:///home/notrevew/.emacs.d/.cache/lsp/lua-language-server/meta/Lua%205.4%20en-us%20utf8/math.lua
[12:12:09.166][info] [#0:script/workspace/loading.lua:98]: Skip loaded file: file:///home/notrevew/.emacs.d/.cache/lsp/lua-language-server/meta/Lua%205.4%20en-us%20utf8/math.lua
[12:12:09.166][info] [#0:script/workspace/loading.lua:101]: Preload file at: file:///home/notrevew/.emacs.d/.cache/lsp/lua-language-server/meta/Lua%205.4%20en-us%20utf8/basic.lua , size = 14.160 KB
[12:12:09.201][info] [#0:script/workspace/loading.lua:113]: ++++As library of:	file:///home/notrevew/.emacs.d/.cache/lsp/lua-language-server/meta/Lua%205.4%20en-us%20utf8/basic.lua
[12:12:09.201][info] [#0:script/workspace/loading.lua:98]: Skip loaded file: file:///home/notrevew/.emacs.d/.cache/lsp/lua-language-server/meta/Lua%205.4%20en-us%20utf8/basic.lua
[12:12:09.201][info] [#0:script/workspace/loading.lua:101]: Preload file at: file:///home/notrevew/.emacs.d/.cache/lsp/lua-language-server/meta/Lua%205.4%20en-us%20utf8/package.lua , size = 2.944 KB
[12:12:09.208][info] [#0:script/workspace/loading.lua:113]: ++++As library of:	file:///home/notrevew/.emacs.d/.cache/lsp/lua-language-server/meta/Lua%205.4%20en-us%20utf8/package.lua
[12:12:09.208][info] [#0:script/workspace/loading.lua:98]: Skip loaded file: file:///home/notrevew/.emacs.d/.cache/lsp/lua-language-server/meta/Lua%205.4%20en-us%20utf8/package.lua
[12:12:09.208][info] [#0:script/workspace/loading.lua:101]: Preload file at: file:///home/notrevew/.emacs.d/.cache/lsp/lua-language-server/meta/Lua%205.4%20en-us%20utf8/coroutine.lua , size = 2.590 KB
[12:12:09.215][info] [#0:script/workspace/loading.lua:113]: ++++As library of:	file:///home/notrevew/.emacs.d/.cache/lsp/lua-language-server/meta/Lua%205.4%20en-us%20utf8/coroutine.lua
[12:12:09.215][info] [#0:script/workspace/loading.lua:98]: Skip loaded file: file:///home/notrevew/.emacs.d/.cache/lsp/lua-language-server/meta/Lua%205.4%20en-us%20utf8/coroutine.lua
[12:12:09.215][info] [#0:script/workspace/loading.lua:101]: Preload file at: file:///home/notrevew/.emacs.d/.cache/lsp/lua-language-server/meta/Lua%205.4%20en-us%20utf8/utf8.lua , size = 2.386 KB
[12:12:09.223][info] [#0:script/workspace/loading.lua:113]: ++++As library of:	file:///home/notrevew/.emacs.d/.cache/lsp/lua-language-server/meta/Lua%205.4%20en-us%20utf8/utf8.lua
[12:12:09.223][info] [#0:script/workspace/loading.lua:98]: Skip loaded file: file:///home/notrevew/.emacs.d/.cache/lsp/lua-language-server/meta/Lua%205.4%20en-us%20utf8/utf8.lua
[12:12:09.223][info] [#0:script/workspace/loading.lua:101]: Preload file at: file:///home/notrevew/.emacs.d/.cache/lsp/lua-language-server/meta/Lua%205.4%20en-us%20utf8/os.lua , size = 4.347 KB
[12:12:09.235][info] [#0:script/workspace/loading.lua:113]: ++++As library of:	file:///home/notrevew/.emacs.d/.cache/lsp/lua-language-server/meta/Lua%205.4%20en-us%20utf8/os.lua
[12:12:09.235][info] [#0:script/workspace/loading.lua:98]: Skip loaded file: file:///home/notrevew/.emacs.d/.cache/lsp/lua-language-server/meta/Lua%205.4%20en-us%20utf8/os.lua
[12:12:09.235][info] [#0:script/workspace/loading.lua:101]: Preload file at: file:///home/notrevew/.emacs.d/.cache/lsp/lua-language-server/meta/Lua%205.4%20en-us%20utf8/debug.lua , size = 7.637 KB
[12:12:09.267][info] [#0:script/workspace/loading.lua:113]: ++++As library of:	file:///home/notrevew/.emacs.d/.cache/lsp/lua-language-server/meta/Lua%205.4%20en-us%20utf8/debug.lua
[12:12:09.267][info] [#0:script/workspace/loading.lua:98]: Skip loaded file: file:///home/notrevew/.emacs.d/.cache/lsp/lua-language-server/meta/Lua%205.4%20en-us%20utf8/debug.lua
[12:12:09.267][info] [#0:script/workspace/loading.lua:101]: Preload file at: file:///home/notrevew/.emacs.d/.cache/lsp/lua-language-server/meta/Lua%205.4%20en-us%20utf8/builtin.lua , size = 0.302 KB
[12:12:09.270][info] [#0:script/workspace/loading.lua:113]: ++++As library of:	file:///home/notrevew/.emacs.d/.cache/lsp/lua-language-server/meta/Lua%205.4%20en-us%20utf8/builtin.lua
[12:12:09.270][info] [#0:script/workspace/loading.lua:98]: Skip loaded file: file:///home/notrevew/.emacs.d/.cache/lsp/lua-language-server/meta/Lua%205.4%20en-us%20utf8/builtin.lua
[12:12:09.270][info] [#0:script/workspace/loading.lua:101]: Preload file at: file:///home/notrevew/.emacs.d/.cache/lsp/lua-language-server/meta/Lua%205.4%20en-us%20utf8/table.lua , size = 4.230 KB
[12:12:09.282][info] [#0:script/workspace/loading.lua:113]: ++++As library of:	file:///home/notrevew/.emacs.d/.cache/lsp/lua-language-server/meta/Lua%205.4%20en-us%20utf8/table.lua
[12:12:09.282][info] [#0:script/workspace/loading.lua:98]: Skip loaded file: file:///home/notrevew/.emacs.d/.cache/lsp/lua-language-server/meta/Lua%205.4%20en-us%20utf8/table.lua
[12:12:09.282][info] [#0:script/workspace/loading.lua:98]: Skip loaded file: file:///home/notrevew/.emacs.d/.cache/lsp/lua-language-server/meta/Lua%205.4%20en-us%20utf8/string.lua
[12:12:09.540][info] [#0:script/workspace/loading.lua:173]: Loaded files takes [0.199] sec: <fallback>
[12:12:09.540][info] [#0:script/workspace/loading.lua:182]: Compile files takes [0.000] sec: <fallback>
[12:12:09.540][info] [#0:script/workspace/loading.lua:183]: Loaded finish:	<fallback>
[12:12:09.540][info] [#0:script/workspace/workspace.lua:379]: Preload finish at:	<fallback>
[12:12:09.559][info] [#0:script/workspace/loading.lua:173]: Loaded files takes [0.210] sec: file:///home/notrevew/Documents/aulas_de_lua/aula01
[12:12:09.562][info] [#0:script/workspace/loading.lua:182]: Compile files takes [0.000] sec: file:///home/notrevew/Documents/aulas_de_lua/aula01
[12:12:09.562][info] [#0:script/workspace/loading.lua:183]: Loaded finish:	file:///home/notrevew/Documents/aulas_de_lua/aula01
[12:12:09.562][info] [#0:script/workspace/workspace.lua:379]: Preload finish at:	file:///home/notrevew/Documents/aulas_de_lua/aula01
[12:12:09.583][info] [#0:script/provider/diagnostic.lua:557]: Diagnostics scope [file:///home/notrevew/Documents/aulas_de_lua/aula01], files count:[12]
[12:12:09.696][info] [#0:script/provider/diagnostic.lua:574]: Diagnostics scope [file:///home/notrevew/Documents/aulas_de_lua/aula01] finished, takes [0.091] sec.
[12:12:51.109][info] [#0:script/provider/diagnostic.lua:557]: Diagnostics scope [file:///home/notrevew/Documents/aulas_de_lua/aula01], files count:[12]
[12:12:51.112][info] [#0:script/workspace/workspace.lua:282]: Scan files at:	file:///home/notrevew/Documents/aulas_de_lua/aula01/variaveis.lua
[12:12:51.113][info] [#0:script/workspace/workspace.lua:282]: Scan files at:	file:///home/notrevew/Documents/aulas_de_lua/aula01/variaveis.lua~
[12:12:51.116][info] [#0:script/workspace/loading.lua:161]: Load files from disk:	file:///home/notrevew/Documents/aulas_de_lua/aula01/variaveis.lua
[12:12:51.117][info] [#0:script/workspace/loading.lua:89]: Skip loaded file: file:///home/notrevew/Documents/aulas_de_lua/aula01/variaveis.lua
[12:12:51.117][info] [#0:script/workspace/loading.lua:161]: Load files from disk:	file:///home/notrevew/Documents/aulas_de_lua/aula01/variaveis.lua~
[12:12:51.117][info] [#0:script/workspace/loading.lua:173]: Loaded files takes [0.000] sec: file:///home/notrevew/Documents/aulas_de_lua/aula01/variaveis.lua~
[12:12:51.117][info] [#0:script/workspace/loading.lua:182]: Compile files takes [0.000] sec: file:///home/notrevew/Documents/aulas_de_lua/aula01/variaveis.lua~
[12:12:51.117][info] [#0:script/workspace/loading.lua:183]: Loaded finish:	file:///home/notrevew/Documents/aulas_de_lua/aula01/variaveis.lua~
[12:12:51.118][info] [#0:script/workspace/loading.lua:173]: Loaded files takes [0.001] sec: file:///home/notrevew/Documents/aulas_de_lua/aula01/variaveis.lua
[12:12:51.118][info] [#0:script/workspace/loading.lua:182]: Compile files takes [0.000] sec: file:///home/notrevew/Documents/aulas_de_lua/aula01/variaveis.lua
[12:12:51.118][info] [#0:script/workspace/loading.lua:183]: Loaded finish:	file:///home/notrevew/Documents/aulas_de_lua/aula01/variaveis.lua
[12:12:51.141][info] [#0:script/provider/diagnostic.lua:574]: Diagnostics scope [file:///home/notrevew/Documents/aulas_de_lua/aula01] finished, takes [0.032] sec.
