[12:15:55.302][info] [#0:/home/notrevew/.emacs.d/.cache/lsp/lua-language-server/main.lua:66]: Lua Lsp startup, root: 	/home/notrevew/.emacs.d/.cache/lsp/lua-language-server
[12:15:55.302][info] [#0:/home/notrevew/.emacs.d/.cache/lsp/lua-language-server/main.lua:67]: ROOT:	/home/notrevew/.emacs.d/.cache/lsp/lua-language-server
[12:15:55.302][info] [#0:/home/notrevew/.emacs.d/.cache/lsp/lua-language-server/main.lua:68]: LOGPATH:	/home/notrevew/.emacs.d/.cache/lsp/lua-language-server/log
[12:15:55.302][info] [#0:/home/notrevew/.emacs.d/.cache/lsp/lua-language-server/main.lua:69]: METAPATH:	/home/notrevew/.emacs.d/.cache/lsp/lua-language-server/meta
[12:15:55.303][info] [#0:/home/notrevew/.emacs.d/.cache/lsp/lua-language-server/main.lua:70]: VERSION:	3.6.18
[12:15:55.402][info] [#0:script/service/service.lua:144]: 
========= Medical Examination Report =========
    --------------- Memory ---------------
        Total: 2.111 MB
        # 00 : 2.111 MB
        # 01 : 0.000 MB
        # 02 : 0.000 MB
        # 03 : 0.000 MB
        # 04 : 0.000 MB
    --------------- Coroutine ---------------
        Total:     0
        Running:   0
        Suspended: 0
        Normal:    0
        Dead:      0
    --------------- Cache ---------------
        Total: 1
        Dead:  0
    ---------------  RPC  ---------------
        Holdon:   0
        Waiting:  0
==============================================
[12:15:55.424][info] [#0:script/client.lua:657]: Client init	{
  capabilities = {
    general = {
      positionEncodings = { "utf-32", "utf-16" }
    },
    textDocument = {
      callHierarchy = {
        dynamicRegistration = false
      },
      codeAction = {
        codeActionLiteralSupport = {
          codeActionKind = {
            valueSet = { "", "quickfix", "refactor", "refactor.extract", "refactor.inline", "refactor.rewrite", "source", "source.organizeImports" }
          }
        },
        dataSupport = true,
        dynamicRegistration = true,
        isPreferredSupport = true,
        resolveSupport = {
          properties = { "edit", "command" }
        }
      },
      completion = {
        completionItem = {
          deprecatedSupport = true,
          documentationFormat = { "markdown", "plaintext" },
          insertReplaceSupport = true,
          insertTextModeSupport = {
            valueSet = { 1, 2 }
          },
          resolveAdditionalTextEditsSupport = true,
          resolveSupport = {
            properties = { "documentation", "detail", "additionalTextEdits", "command" }
          },
          snippetSupport = false
        },
        contextSupport = true,
        dynamicRegistration = true
      },
      declaration = {
        dynamicRegistration = true,
        linkSupport = true
      },
      definition = {
        dynamicRegistration = true,
        linkSupport = true
      },
      documentLink = {
        dynamicRegistration = true,
        tooltipSupport = true
      },
      documentSymbol = {
        hierarchicalDocumentSymbolSupport = true,
        symbolKind = {
          valueSet = { 1, 2, 3, 4, 5, 6, 7, 8, 9, 10, 11, 12, 13, 14, 15, 16, 17, 18, 19, 20, 21, 22, 23, 24, 25, 26 }
        }
      },
      foldingRange = {
        dynamicRegistration = true
      },
      formatting = {
        dynamicRegistration = true
      },
      hover = {
        contentFormat = { "markdown", "plaintext" },
        dynamicRegistration = true
      },
      implementation = {
        dynamicRegistration = true,
        linkSupport = true
      },
      linkedEditingRange = {
        dynamicRegistration = true
      },
      onTypeFormatting = {
        dynamicRegistration = true
      },
      publishDiagnostics = {
        relatedInformation = true,
        tagSupport = {
          valueSet = { 1, 2 }
        },
        versionSupport = true
      },
      rangeFormatting = {
        dynamicRegistration = true
      },
      references = {
        dynamicRegistration = true
      },
      rename = {
        dynamicRegistration = true,
        prepareSupport = true
      },
      selectionRange = {
        dynamicRegistration = true
      },
      signatureHelp = {
        dynamicRegistration = true,
        signatureInformation = {
          parameterInformation = {
            labelOffsetSupport = true
          }
        }
      },
      synchronization = {
        didSave = true,
        willSave = true,
        willSaveWaitUntil = true
      },
      typeDefinition = {
        dynamicRegistration = true,
        linkSupport = true
      },
      typeHierarchy = {
        dynamicRegistration = true
      }
    },
    window = {
      showDocument = {
        support = true
      },
      workDoneProgress = true
    },
    workspace = {
      applyEdit = true,
      codeLens = {
        refreshSupport = true
      },
      configuration = true,
      didChangeWatchedFiles = {
        dynamicRegistration = true
      },
      executeCommand = {
        dynamicRegistration = false
      },
      fileOperations = {
        didCreate = false,
        didDelete = false,
        didRename = true,
        willCreate = false,
        willDelete = false,
        willRename = true
      },
      symbol = {
        symbolKind = {
          valueSet = { 1, 2, 3, 4, 5, 6, 7, 8, 9, 10, 11, 12, 13, 14, 15, 16, 17, 18, 19, 20, 21, 22, 23, 24, 25, 26 }
        }
      },
      workspaceEdit = {
        documentChanges = true,
        resourceOperations = { "create", "rename", "delete" }
      },
      workspaceFolders = true
    }
  },
  clientInfo = {
    name = "emacs",
    version = "GNU Emacs 28.2 (build 1, x86_64-pc-linux-gnu, GTK+ Version 3.24.36, cairo version 1.17.6)\n of 2023-01-02"
  },
  processId = 23874,
  rootPath = "/home/notrevew/Documents/cursoonebitcode",
  rootUri = "file:///home/notrevew/Documents/cursoonebitcode",
  workDoneToken = "1"
}
[12:15:55.424][info] [#0:script/language.lua:137]: VSC language: nil
[12:15:55.424][info] [#0:script/language.lua:138]: LS  language: en-us
[12:15:55.425][info] [#0:script/workspace/workspace.lua:38]: Workspace init root: 	file:///home/notrevew/Documents/cursoonebitcode
[12:15:55.425][info] [#0:script/workspace/workspace.lua:42]: Log path: 	/home/notrevew/.emacs.d/.cache/lsp/lua-language-server/log/file_home_notrevew_Documents_cursoonebitcode.log
[12:15:55.427][info] [#0:script/workspace/workspace.lua:48]: Workspace create: 	file:///home/notrevew/Documents/cursoonebitcode
[12:15:55.638][info] [#0:script/provider/provider.lua:46]: Load config from client	file:///home/notrevew/Documents/cursoonebitcode
[12:15:55.639][info] [#0:script/provider/provider.lua:47]: {
  Lua = {
    color = {
      mode = "Semantic"
    },
    completion = {
      callSnippet = "Disable",
      displayContext = 6,
      enable = true,
      keywordSnippet = "Replace",
      workspaceWord = true
    },
    develop = {
      debuggerPort = 11412,
      debuggerWait = false,
      enable = false
    },
    diagnostics = {
      enable = true,
      workspaceDelay = 0,
      workspaceRate = 100
    },
    hint = {
      enable = false,
      paramName = true,
      paramType = true
    },
    hover = {
      enable = true,
      fieldInfer = 3000,
      previewFields = 100,
      viewNumber = true,
      viewString = true,
      viewStringMax = 1000
    },
    intelliSense = {
      searchDepth = 0
    },
    runtime = {
      fileEncoding = "utf8",
      path = { "?.lua", "?/init.lua", "?/?.lua" },
      version = "Lua 5.4"
    },
    signatureHelp = {
      enable = true
    },
    telemetry = {
      enable = false
    },
    window = {
      progressBar = true,
      statusBar = true
    },
    workspace = {
      ignoreDir = { ".vscode" },
      ignoreSubmodules = true,
      maxPreload = 1000,
      preloadFileSize = 100,
      useGitIgnore = true
    }
  },
  ["files.associations"] = false,
  ["files.exclude"] = false
}
[12:15:55.740][info] [#0:script/provider/completion.lua:43]: Enable completion.
[12:15:55.741][info] [#0:script/provider/provider.lua:61]: Load config from client	fallback
[12:15:55.742][info] [#0:script/provider/provider.lua:62]: {
  Lua = {
    color = {
      mode = "Semantic"
    },
    completion = {
      callSnippet = "Disable",
      displayContext = 6,
      enable = true,
      keywordSnippet = "Replace",
      workspaceWord = true
    },
    develop = {
      debuggerPort = 11412,
      debuggerWait = false,
      enable = false
    },
    diagnostics = {
      enable = true,
      workspaceDelay = 0,
      workspaceRate = 100
    },
    hint = {
      enable = false,
      paramName = true,
      paramType = true
    },
    hover = {
      enable = true,
      fieldInfer = 3000,
      previewFields = 100,
      viewNumber = true,
      viewString = true,
      viewStringMax = 1000
    },
    intelliSense = {
      searchDepth = 0
    },
    runtime = {
      fileEncoding = "utf8",
      path = { "?.lua", "?/init.lua", "?/?.lua" },
      version = "Lua 5.4"
    },
    signatureHelp = {
      enable = true
    },
    telemetry = {
      enable = false
    },
    window = {
      progressBar = true,
      statusBar = true
    },
    workspace = {
      ignoreDir = { ".vscode" },
      ignoreSubmodules = true,
      maxPreload = 1000,
      preloadFileSize = 100,
      useGitIgnore = true
    }
  },
  ["files.associations"] = false,
  ["files.exclude"] = false
}
[12:15:55.742][info] [#0:script/library.lua:212]: Init builtin library at:	file:///home/notrevew/Documents/cursoonebitcode
[12:15:55.795][info] [#0:script/plugin.lua:86]: plugin path:	/home/notrevew/Documents/cursoonebitcode
[12:15:55.796][warn] [#0:script/plugin.lua:101]: plugin not found:	/home/notrevew/Documents/cursoonebitcode
[12:15:55.796][info] [#0:script/library.lua:212]: Init builtin library at:	nil
[12:15:55.845][info] [#0:script/workspace/workspace.lua:322]: Preload start:	file:///home/notrevew/Documents/cursoonebitcode
[12:15:55.855][info] [#0:script/workspace/workspace.lua:328]: Scan files at:	file:///home/notrevew/Documents/cursoonebitcode
[12:15:56.018][info] [#0:script/workspace/workspace.lua:322]: Preload start:	<fallback>
[12:15:56.028][info] [#0:script/workspace/workspace.lua:351]: Scan library at:	file:///home/notrevew/.emacs.d/.cache/lsp/lua-language-server/meta/Lua%205.4%20en-us%20utf8/table.lua
[12:15:56.032][info] [#0:script/workspace/workspace.lua:351]: Scan library at:	file:///home/notrevew/.emacs.d/.cache/lsp/lua-language-server/meta/Lua%205.4%20en-us%20utf8/builtin.lua
[12:15:56.032][info] [#0:script/workspace/workspace.lua:351]: Scan library at:	file:///home/notrevew/.emacs.d/.cache/lsp/lua-language-server/meta/Lua%205.4%20en-us%20utf8/debug.lua
[12:15:56.033][info] [#0:script/workspace/workspace.lua:351]: Scan library at:	file:///home/notrevew/.emacs.d/.cache/lsp/lua-language-server/meta/Lua%205.4%20en-us%20utf8/os.lua
[12:15:56.034][info] [#0:script/workspace/workspace.lua:351]: Scan library at:	file:///home/notrevew/.emacs.d/.cache/lsp/lua-language-server/meta/Lua%205.4%20en-us%20utf8/utf8.lua
[12:15:56.034][info] [#0:script/workspace/workspace.lua:351]: Scan library at:	file:///home/notrevew/.emacs.d/.cache/lsp/lua-language-server/meta/Lua%205.4%20en-us%20utf8/coroutine.lua
[12:15:56.035][info] [#0:script/workspace/workspace.lua:351]: Scan library at:	file:///home/notrevew/.emacs.d/.cache/lsp/lua-language-server/meta/Lua%205.4%20en-us%20utf8/package.lua
[12:15:56.035][info] [#0:script/workspace/workspace.lua:351]: Scan library at:	file:///home/notrevew/.emacs.d/.cache/lsp/lua-language-server/meta/Lua%205.4%20en-us%20utf8/basic.lua
[12:15:56.036][info] [#0:script/workspace/workspace.lua:351]: Scan library at:	file:///home/notrevew/.emacs.d/.cache/lsp/lua-language-server/meta/Lua%205.4%20en-us%20utf8/math.lua
[12:15:56.037][info] [#0:script/workspace/workspace.lua:351]: Scan library at:	file:///home/notrevew/.emacs.d/.cache/lsp/lua-language-server/meta/Lua%205.4%20en-us%20utf8/string.lua
[12:15:56.037][info] [#0:script/workspace/workspace.lua:351]: Scan library at:	file:///home/notrevew/.emacs.d/.cache/lsp/lua-language-server/meta/Lua%205.4%20en-us%20utf8/io.lua
[12:15:56.042][info] [#0:script/workspace/workspace.lua:351]: Scan library at:	file:///home/notrevew/.emacs.d/.cache/lsp/lua-language-server/meta/Lua%205.4%20en-us%20utf8/table.lua
[12:15:56.042][info] [#0:script/workspace/workspace.lua:351]: Scan library at:	file:///home/notrevew/.emacs.d/.cache/lsp/lua-language-server/meta/Lua%205.4%20en-us%20utf8/builtin.lua
[12:15:56.043][info] [#0:script/workspace/workspace.lua:351]: Scan library at:	file:///home/notrevew/.emacs.d/.cache/lsp/lua-language-server/meta/Lua%205.4%20en-us%20utf8/debug.lua
[12:15:56.043][info] [#0:script/workspace/workspace.lua:351]: Scan library at:	file:///home/notrevew/.emacs.d/.cache/lsp/lua-language-server/meta/Lua%205.4%20en-us%20utf8/os.lua
[12:15:56.044][info] [#0:script/workspace/workspace.lua:351]: Scan library at:	file:///home/notrevew/.emacs.d/.cache/lsp/lua-language-server/meta/Lua%205.4%20en-us%20utf8/utf8.lua
[12:15:56.044][info] [#0:script/workspace/workspace.lua:351]: Scan library at:	file:///home/notrevew/.emacs.d/.cache/lsp/lua-language-server/meta/Lua%205.4%20en-us%20utf8/coroutine.lua
[12:15:56.044][info] [#0:script/workspace/workspace.lua:351]: Scan library at:	file:///home/notrevew/.emacs.d/.cache/lsp/lua-language-server/meta/Lua%205.4%20en-us%20utf8/package.lua
[12:15:56.045][info] [#0:script/workspace/workspace.lua:351]: Scan library at:	file:///home/notrevew/.emacs.d/.cache/lsp/lua-language-server/meta/Lua%205.4%20en-us%20utf8/basic.lua
[12:15:56.045][info] [#0:script/workspace/workspace.lua:351]: Scan library at:	file:///home/notrevew/.emacs.d/.cache/lsp/lua-language-server/meta/Lua%205.4%20en-us%20utf8/math.lua
[12:15:56.045][info] [#0:script/workspace/workspace.lua:351]: Scan library at:	file:///home/notrevew/.emacs.d/.cache/lsp/lua-language-server/meta/Lua%205.4%20en-us%20utf8/string.lua
[12:15:56.046][info] [#0:script/workspace/workspace.lua:351]: Scan library at:	file:///home/notrevew/.emacs.d/.cache/lsp/lua-language-server/meta/Lua%205.4%20en-us%20utf8/io.lua
[12:15:56.147][info] [#0:script/workspace/workspace.lua:377]: Found 11 files at:	<fallback>
[12:15:56.147][info] [#0:script/workspace/loading.lua:161]: Load files from disk:	<fallback>
[12:15:56.147][info] [#0:script/workspace/workspace.lua:377]: Found 12 files at:	file:///home/notrevew/Documents/cursoonebitcode
[12:15:56.147][info] [#0:script/workspace/loading.lua:161]: Load files from disk:	file:///home/notrevew/Documents/cursoonebitcode
[12:15:56.154][info] [#0:script/workspace/loading.lua:101]: Preload file at: file:///home/notrevew/.emacs.d/.cache/lsp/lua-language-server/meta/Lua%205.4%20en-us%20utf8/io.lua , size = 6.364 KB
[12:15:56.175][info] [#0:script/workspace/loading.lua:113]: ++++As library of:	file:///home/notrevew/.emacs.d/.cache/lsp/lua-language-server/meta/Lua%205.4%20en-us%20utf8/io.lua
[12:15:56.176][info] [#0:script/workspace/loading.lua:101]: Preload file at: file:///home/notrevew/.emacs.d/.cache/lsp/lua-language-server/meta/Lua%205.4%20en-us%20utf8/string.lua , size = 6.302 KB
[12:15:56.197][info] [#0:script/workspace/loading.lua:113]: ++++As library of:	file:///home/notrevew/.emacs.d/.cache/lsp/lua-language-server/meta/Lua%205.4%20en-us%20utf8/string.lua
[12:15:56.197][info] [#0:script/workspace/loading.lua:98]: Skip loaded file: file:///home/notrevew/.emacs.d/.cache/lsp/lua-language-server/meta/Lua%205.4%20en-us%20utf8/string.lua
[12:15:56.197][info] [#0:script/workspace/loading.lua:101]: Preload file at: file:///home/notrevew/.emacs.d/.cache/lsp/lua-language-server/meta/Lua%205.4%20en-us%20utf8/math.lua , size = 8.731 KB
[12:15:56.219][info] [#0:script/workspace/loading.lua:113]: ++++As library of:	file:///home/notrevew/.emacs.d/.cache/lsp/lua-language-server/meta/Lua%205.4%20en-us%20utf8/math.lua
[12:15:56.220][info] [#0:script/workspace/loading.lua:98]: Skip loaded file: file:///home/notrevew/.emacs.d/.cache/lsp/lua-language-server/meta/Lua%205.4%20en-us%20utf8/math.lua
[12:15:56.220][info] [#0:script/workspace/loading.lua:101]: Preload file at: file:///home/notrevew/.emacs.d/.cache/lsp/lua-language-server/meta/Lua%205.4%20en-us%20utf8/basic.lua , size = 14.160 KB
[12:15:56.254][info] [#0:script/workspace/loading.lua:113]: ++++As library of:	file:///home/notrevew/.emacs.d/.cache/lsp/lua-language-server/meta/Lua%205.4%20en-us%20utf8/basic.lua
[12:15:56.254][info] [#0:script/workspace/loading.lua:98]: Skip loaded file: file:///home/notrevew/.emacs.d/.cache/lsp/lua-language-server/meta/Lua%205.4%20en-us%20utf8/basic.lua
[12:15:56.254][info] [#0:script/workspace/loading.lua:101]: Preload file at: file:///home/notrevew/.emacs.d/.cache/lsp/lua-language-server/meta/Lua%205.4%20en-us%20utf8/package.lua , size = 2.944 KB
[12:15:56.261][info] [#0:script/workspace/loading.lua:113]: ++++As library of:	file:///home/notrevew/.emacs.d/.cache/lsp/lua-language-server/meta/Lua%205.4%20en-us%20utf8/package.lua
[12:15:56.261][info] [#0:script/workspace/loading.lua:98]: Skip loaded file: file:///home/notrevew/.emacs.d/.cache/lsp/lua-language-server/meta/Lua%205.4%20en-us%20utf8/package.lua
[12:15:56.261][info] [#0:script/workspace/loading.lua:101]: Preload file at: file:///home/notrevew/.emacs.d/.cache/lsp/lua-language-server/meta/Lua%205.4%20en-us%20utf8/coroutine.lua , size = 2.590 KB
[12:15:56.268][info] [#0:script/workspace/loading.lua:113]: ++++As library of:	file:///home/notrevew/.emacs.d/.cache/lsp/lua-language-server/meta/Lua%205.4%20en-us%20utf8/coroutine.lua
[12:15:56.268][info] [#0:script/workspace/loading.lua:98]: Skip loaded file: file:///home/notrevew/.emacs.d/.cache/lsp/lua-language-server/meta/Lua%205.4%20en-us%20utf8/coroutine.lua
[12:15:56.268][info] [#0:script/workspace/loading.lua:98]: Skip loaded file: file:///home/notrevew/.emacs.d/.cache/lsp/lua-language-server/meta/Lua%205.4%20en-us%20utf8/io.lua
[12:15:56.268][info] [#0:script/workspace/loading.lua:101]: Preload file at: file:///home/notrevew/.emacs.d/.cache/lsp/lua-language-server/meta/Lua%205.4%20en-us%20utf8/utf8.lua , size = 2.386 KB
[12:15:56.276][info] [#0:script/workspace/loading.lua:113]: ++++As library of:	file:///home/notrevew/.emacs.d/.cache/lsp/lua-language-server/meta/Lua%205.4%20en-us%20utf8/utf8.lua
[12:15:56.276][info] [#0:script/workspace/loading.lua:98]: Skip loaded file: file:///home/notrevew/.emacs.d/.cache/lsp/lua-language-server/meta/Lua%205.4%20en-us%20utf8/utf8.lua
[12:15:56.276][info] [#0:script/workspace/loading.lua:101]: Preload file at: file:///home/notrevew/.emacs.d/.cache/lsp/lua-language-server/meta/Lua%205.4%20en-us%20utf8/os.lua , size = 4.347 KB
[12:15:56.288][info] [#0:script/workspace/loading.lua:113]: ++++As library of:	file:///home/notrevew/.emacs.d/.cache/lsp/lua-language-server/meta/Lua%205.4%20en-us%20utf8/os.lua
[12:15:56.288][info] [#0:script/workspace/loading.lua:89]: Skip loaded file: file:///home/notrevew/.emacs.d/.cache/lsp/lua-language-server/meta/Lua%205.4%20en-us%20utf8/os.lua
[12:15:56.288][info] [#0:script/workspace/loading.lua:113]: ++++As library of:	file:///home/notrevew/.emacs.d/.cache/lsp/lua-language-server/meta/Lua%205.4%20en-us%20utf8/os.lua
[12:15:56.289][info] [#0:script/workspace/loading.lua:101]: Preload file at: file:///home/notrevew/.emacs.d/.cache/lsp/lua-language-server/meta/Lua%205.4%20en-us%20utf8/debug.lua , size = 7.637 KB
[12:15:56.322][info] [#0:script/workspace/loading.lua:113]: ++++As library of:	file:///home/notrevew/.emacs.d/.cache/lsp/lua-language-server/meta/Lua%205.4%20en-us%20utf8/debug.lua
[12:15:56.322][info] [#0:script/workspace/loading.lua:89]: Skip loaded file: file:///home/notrevew/.emacs.d/.cache/lsp/lua-language-server/meta/Lua%205.4%20en-us%20utf8/debug.lua
[12:15:56.322][info] [#0:script/workspace/loading.lua:113]: ++++As library of:	file:///home/notrevew/.emacs.d/.cache/lsp/lua-language-server/meta/Lua%205.4%20en-us%20utf8/debug.lua
[12:15:56.323][info] [#0:script/workspace/loading.lua:101]: Preload file at: file:///home/notrevew/.emacs.d/.cache/lsp/lua-language-server/meta/Lua%205.4%20en-us%20utf8/builtin.lua , size = 0.302 KB
[12:15:56.326][info] [#0:script/workspace/loading.lua:113]: ++++As library of:	file:///home/notrevew/.emacs.d/.cache/lsp/lua-language-server/meta/Lua%205.4%20en-us%20utf8/builtin.lua
[12:15:56.326][info] [#0:script/workspace/loading.lua:98]: Skip loaded file: file:///home/notrevew/.emacs.d/.cache/lsp/lua-language-server/meta/Lua%205.4%20en-us%20utf8/builtin.lua
[12:15:56.326][info] [#0:script/workspace/loading.lua:101]: Preload file at: file:///home/notrevew/.emacs.d/.cache/lsp/lua-language-server/meta/Lua%205.4%20en-us%20utf8/table.lua , size = 4.230 KB
[12:15:56.338][info] [#0:script/workspace/loading.lua:113]: ++++As library of:	file:///home/notrevew/.emacs.d/.cache/lsp/lua-language-server/meta/Lua%205.4%20en-us%20utf8/table.lua
[12:15:56.338][info] [#0:script/workspace/loading.lua:89]: Skip loaded file: file:///home/notrevew/.emacs.d/.cache/lsp/lua-language-server/meta/Lua%205.4%20en-us%20utf8/table.lua
[12:15:56.338][info] [#0:script/workspace/loading.lua:113]: ++++As library of:	file:///home/notrevew/.emacs.d/.cache/lsp/lua-language-server/meta/Lua%205.4%20en-us%20utf8/table.lua
[12:15:56.338][info] [#0:script/workspace/loading.lua:173]: Loaded files takes [0.193] sec: <fallback>
[12:15:56.338][info] [#0:script/workspace/loading.lua:182]: Compile files takes [0.000] sec: <fallback>
[12:15:56.338][info] [#0:script/workspace/loading.lua:183]: Loaded finish:	<fallback>
[12:15:56.338][info] [#0:script/workspace/workspace.lua:379]: Preload finish at:	<fallback>
[12:15:56.351][info] [#0:script/workspace/loading.lua:89]: Skip loaded file: file:///home/notrevew/Documents/cursoonebitcode/modulologicadeprogramacaojavascript/teste.lua
[12:15:56.351][info] [#0:script/workspace/loading.lua:173]: Loaded files takes [0.206] sec: file:///home/notrevew/Documents/cursoonebitcode
[12:15:56.352][info] [#0:script/workspace/loading.lua:182]: Compile files takes [0.000] sec: file:///home/notrevew/Documents/cursoonebitcode
[12:15:56.352][info] [#0:script/workspace/loading.lua:183]: Loaded finish:	file:///home/notrevew/Documents/cursoonebitcode
[12:15:56.352][info] [#0:script/workspace/workspace.lua:379]: Preload finish at:	file:///home/notrevew/Documents/cursoonebitcode
[12:15:56.365][info] [#0:script/provider/diagnostic.lua:557]: Diagnostics scope [file:///home/notrevew/Documents/cursoonebitcode], files count:[12]
[12:15:56.389][info] [#0:script/provider/diagnostic.lua:574]: Diagnostics scope [file:///home/notrevew/Documents/cursoonebitcode] finished, takes [0.021] sec.
[12:16:05.285][info] [#0:script/provider/diagnostic.lua:171]: clearDiagnostics	file:///home/notrevew/Documents/cursoonebitcode/modulologicadeprogramacaojavascript/teste.lua
