[09:58:56.583][info] [#0:/home/notrevew/.emacs.d/.cache/lsp/lua-language-server/main.lua:66]: Lua Lsp startup, root: 	/home/notrevew/.emacs.d/.cache/lsp/lua-language-server
[09:58:56.584][info] [#0:/home/notrevew/.emacs.d/.cache/lsp/lua-language-server/main.lua:67]: ROOT:	/home/notrevew/.emacs.d/.cache/lsp/lua-language-server
[09:58:56.584][info] [#0:/home/notrevew/.emacs.d/.cache/lsp/lua-language-server/main.lua:68]: LOGPATH:	/home/notrevew/.emacs.d/.cache/lsp/lua-language-server/log
[09:58:56.584][info] [#0:/home/notrevew/.emacs.d/.cache/lsp/lua-language-server/main.lua:69]: METAPATH:	/home/notrevew/.emacs.d/.cache/lsp/lua-language-server/meta
[09:58:56.584][info] [#0:/home/notrevew/.emacs.d/.cache/lsp/lua-language-server/main.lua:70]: VERSION:	3.6.18
[09:58:56.675][info] [#0:script/service/service.lua:144]: 
========= Medical Examination Report =========
    --------------- Memory ---------------
        Total: 2.111 MB
        # 00 : 2.111 MB
        # 01 : 0.000 MB
        # 02 : 0.000 MB
        # 03 : 0.000 MB
        # 04 : 0.000 MB
    --------------- Coroutine ---------------
        Total:     0
        Running:   0
        Suspended: 0
        Normal:    0
        Dead:      0
    --------------- Cache ---------------
        Total: 1
        Dead:  0
    ---------------  RPC  ---------------
        Holdon:   0
        Waiting:  0
==============================================
[09:58:56.692][info] [#0:script/client.lua:657]: Client init	{
  capabilities = {
    general = {
      positionEncodings = { "utf-32", "utf-16" }
    },
    textDocument = {
      callHierarchy = {
        dynamicRegistration = false
      },
      codeAction = {
        codeActionLiteralSupport = {
          codeActionKind = {
            valueSet = { "", "quickfix", "refactor", "refactor.extract", "refactor.inline", "refactor.rewrite", "source", "source.organizeImports" }
          }
        },
        dataSupport = true,
        dynamicRegistration = true,
        isPreferredSupport = true,
        resolveSupport = {
          properties = { "edit", "command" }
        }
      },
      completion = {
        completionItem = {
          deprecatedSupport = true,
          documentationFormat = { "markdown", "plaintext" },
          insertReplaceSupport = true,
          insertTextModeSupport = {
            valueSet = { 1, 2 }
          },
          resolveAdditionalTextEditsSupport = true,
          resolveSupport = {
            properties = { "documentation", "detail", "additionalTextEdits", "command" }
          },
          snippetSupport = false
        },
        contextSupport = true,
        dynamicRegistration = true
      },
      declaration = {
        dynamicRegistration = true,
        linkSupport = true
      },
      definition = {
        dynamicRegistration = true,
        linkSupport = true
      },
      documentLink = {
        dynamicRegistration = true,
        tooltipSupport = true
      },
      documentSymbol = {
        hierarchicalDocumentSymbolSupport = true,
        symbolKind = {
          valueSet = { 1, 2, 3, 4, 5, 6, 7, 8, 9, 10, 11, 12, 13, 14, 15, 16, 17, 18, 19, 20, 21, 22, 23, 24, 25, 26 }
        }
      },
      foldingRange = {
        dynamicRegistration = true
      },
      formatting = {
        dynamicRegistration = true
      },
      hover = {
        contentFormat = { "markdown", "plaintext" },
        dynamicRegistration = true
      },
      implementation = {
        dynamicRegistration = true,
        linkSupport = true
      },
      linkedEditingRange = {
        dynamicRegistration = true
      },
      onTypeFormatting = {
        dynamicRegistration = true
      },
      publishDiagnostics = {
        relatedInformation = true,
        tagSupport = {
          valueSet = { 1, 2 }
        },
        versionSupport = true
      },
      rangeFormatting = {
        dynamicRegistration = true
      },
      references = {
        dynamicRegistration = true
      },
      rename = {
        dynamicRegistration = true,
        prepareSupport = true
      },
      selectionRange = {
        dynamicRegistration = true
      },
      signatureHelp = {
        dynamicRegistration = true,
        signatureInformation = {
          parameterInformation = {
            labelOffsetSupport = true
          }
        }
      },
      synchronization = {
        didSave = true,
        willSave = true,
        willSaveWaitUntil = true
      },
      typeDefinition = {
        dynamicRegistration = true,
        linkSupport = true
      },
      typeHierarchy = {
        dynamicRegistration = true
      }
    },
    window = {
      showDocument = {
        support = true
      },
      workDoneProgress = true
    },
    workspace = {
      applyEdit = true,
      codeLens = {
        refreshSupport = true
      },
      configuration = true,
      didChangeWatchedFiles = {
        dynamicRegistration = true
      },
      executeCommand = {
        dynamicRegistration = false
      },
      fileOperations = {
        didCreate = false,
        didDelete = false,
        didRename = true,
        willCreate = false,
        willDelete = false,
        willRename = true
      },
      symbol = {
        symbolKind = {
          valueSet = { 1, 2, 3, 4, 5, 6, 7, 8, 9, 10, 11, 12, 13, 14, 15, 16, 17, 18, 19, 20, 21, 22, 23, 24, 25, 26 }
        }
      },
      workspaceEdit = {
        documentChanges = true,
        resourceOperations = { "create", "rename", "delete" }
      },
      workspaceFolders = true
    }
  },
  clientInfo = {
    name = "emacs",
    version = "GNU Emacs 28.2 (build 1, x86_64-pc-linux-gnu, GTK+ Version 3.24.36, cairo version 1.17.6)\n of 2023-01-02"
  },
  processId = 2905,
  rootPath = "/home/notrevew/Documents/python_work",
  rootUri = "file:///home/notrevew/Documents/python_work",
  workDoneToken = "1"
}
[09:58:56.692][info] [#0:script/language.lua:137]: VSC language: nil
[09:58:56.692][info] [#0:script/language.lua:138]: LS  language: en-us
[09:58:56.692][info] [#0:script/workspace/workspace.lua:38]: Workspace init root: 	file:///home/notrevew/Documents/python_work
[09:58:56.693][info] [#0:script/workspace/workspace.lua:42]: Log path: 	/home/notrevew/.emacs.d/.cache/lsp/lua-language-server/log/file_home_notrevew_Documents_python_work.log
[09:58:56.695][info] [#0:script/workspace/workspace.lua:48]: Workspace create: 	file:///home/notrevew/Documents/python_work
[09:58:56.908][info] [#0:script/provider/provider.lua:46]: Load config from client	file:///home/notrevew/Documents/python_work
[09:58:56.909][info] [#0:script/provider/provider.lua:47]: {
  Lua = {
    color = {
      mode = "Semantic"
    },
    completion = {
      callSnippet = "Disable",
      displayContext = 6,
      enable = true,
      keywordSnippet = "Replace",
      workspaceWord = true
    },
    develop = {
      debuggerPort = 11412,
      debuggerWait = false,
      enable = false
    },
    diagnostics = {
      enable = true,
      workspaceDelay = 0,
      workspaceRate = 100
    },
    hint = {
      enable = false,
      paramName = true,
      paramType = true
    },
    hover = {
      enable = true,
      fieldInfer = 3000,
      previewFields = 100,
      viewNumber = true,
      viewString = true,
      viewStringMax = 1000
    },
    intelliSense = {
      searchDepth = 0
    },
    runtime = {
      fileEncoding = "utf8",
      path = { "?.lua", "?/init.lua", "?/?.lua" },
      version = "Lua 5.4"
    },
    signatureHelp = {
      enable = true
    },
    telemetry = {
      enable = false
    },
    window = {
      progressBar = true,
      statusBar = true
    },
    workspace = {
      ignoreDir = { ".vscode" },
      ignoreSubmodules = true,
      maxPreload = 1000,
      preloadFileSize = 100,
      useGitIgnore = true
    }
  },
  ["files.associations"] = false,
  ["files.exclude"] = false
}
[09:58:57.010][info] [#0:script/provider/completion.lua:43]: Enable completion.
[09:58:57.111][info] [#0:script/provider/provider.lua:61]: Load config from client	fallback
[09:58:57.114][info] [#0:script/provider/provider.lua:62]: {
  Lua = {
    color = {
      mode = "Semantic"
    },
    completion = {
      callSnippet = "Disable",
      displayContext = 6,
      enable = true,
      keywordSnippet = "Replace",
      workspaceWord = true
    },
    develop = {
      debuggerPort = 11412,
      debuggerWait = false,
      enable = false
    },
    diagnostics = {
      enable = true,
      workspaceDelay = 0,
      workspaceRate = 100
    },
    hint = {
      enable = false,
      paramName = true,
      paramType = true
    },
    hover = {
      enable = true,
      fieldInfer = 3000,
      previewFields = 100,
      viewNumber = true,
      viewString = true,
      viewStringMax = 1000
    },
    intelliSense = {
      searchDepth = 0
    },
    runtime = {
      fileEncoding = "utf8",
      path = { "?.lua", "?/init.lua", "?/?.lua" },
      version = "Lua 5.4"
    },
    signatureHelp = {
      enable = true
    },
    telemetry = {
      enable = false
    },
    window = {
      progressBar = true,
      statusBar = true
    },
    workspace = {
      ignoreDir = { ".vscode" },
      ignoreSubmodules = true,
      maxPreload = 1000,
      preloadFileSize = 100,
      useGitIgnore = true
    }
  },
  ["files.associations"] = false,
  ["files.exclude"] = false
}
[09:58:57.114][info] [#0:script/library.lua:212]: Init builtin library at:	file:///home/notrevew/Documents/python_work
[09:58:57.176][info] [#0:script/plugin.lua:86]: plugin path:	/home/notrevew/Documents/python_work
[09:58:57.176][warn] [#0:script/plugin.lua:101]: plugin not found:	/home/notrevew/Documents/python_work
[09:58:57.176][info] [#0:script/library.lua:212]: Init builtin library at:	nil
[09:58:57.219][info] [#0:script/workspace/workspace.lua:322]: Preload start:	file:///home/notrevew/Documents/python_work
[09:58:57.228][info] [#0:script/workspace/workspace.lua:328]: Scan files at:	file:///home/notrevew/Documents/python_work
[09:58:57.230][info] [#0:script/workspace/workspace.lua:322]: Preload start:	<fallback>
[09:58:57.239][info] [#0:script/workspace/workspace.lua:351]: Scan library at:	file:///home/notrevew/.emacs.d/.cache/lsp/lua-language-server/meta/Lua%205.4%20en-us%20utf8/table.lua
[09:58:57.240][info] [#0:script/workspace/workspace.lua:351]: Scan library at:	file:///home/notrevew/.emacs.d/.cache/lsp/lua-language-server/meta/Lua%205.4%20en-us%20utf8/builtin.lua
[09:58:57.240][info] [#0:script/workspace/workspace.lua:351]: Scan library at:	file:///home/notrevew/.emacs.d/.cache/lsp/lua-language-server/meta/Lua%205.4%20en-us%20utf8/debug.lua
[09:58:57.241][info] [#0:script/workspace/workspace.lua:351]: Scan library at:	file:///home/notrevew/.emacs.d/.cache/lsp/lua-language-server/meta/Lua%205.4%20en-us%20utf8/os.lua
[09:58:57.242][info] [#0:script/workspace/workspace.lua:351]: Scan library at:	file:///home/notrevew/.emacs.d/.cache/lsp/lua-language-server/meta/Lua%205.4%20en-us%20utf8/utf8.lua
[09:58:57.243][info] [#0:script/workspace/workspace.lua:351]: Scan library at:	file:///home/notrevew/.emacs.d/.cache/lsp/lua-language-server/meta/Lua%205.4%20en-us%20utf8/coroutine.lua
[09:58:57.243][info] [#0:script/workspace/workspace.lua:351]: Scan library at:	file:///home/notrevew/.emacs.d/.cache/lsp/lua-language-server/meta/Lua%205.4%20en-us%20utf8/package.lua
[09:58:57.244][info] [#0:script/workspace/workspace.lua:351]: Scan library at:	file:///home/notrevew/.emacs.d/.cache/lsp/lua-language-server/meta/Lua%205.4%20en-us%20utf8/basic.lua
[09:58:57.245][info] [#0:script/workspace/workspace.lua:351]: Scan library at:	file:///home/notrevew/.emacs.d/.cache/lsp/lua-language-server/meta/Lua%205.4%20en-us%20utf8/math.lua
[09:58:57.245][info] [#0:script/workspace/workspace.lua:351]: Scan library at:	file:///home/notrevew/.emacs.d/.cache/lsp/lua-language-server/meta/Lua%205.4%20en-us%20utf8/string.lua
[09:58:57.246][info] [#0:script/workspace/workspace.lua:351]: Scan library at:	file:///home/notrevew/.emacs.d/.cache/lsp/lua-language-server/meta/Lua%205.4%20en-us%20utf8/io.lua
[09:58:57.248][info] [#0:script/workspace/workspace.lua:351]: Scan library at:	file:///home/notrevew/.emacs.d/.cache/lsp/lua-language-server/meta/Lua%205.4%20en-us%20utf8/table.lua
[09:58:57.249][info] [#0:script/workspace/workspace.lua:351]: Scan library at:	file:///home/notrevew/.emacs.d/.cache/lsp/lua-language-server/meta/Lua%205.4%20en-us%20utf8/builtin.lua
[09:58:57.249][info] [#0:script/workspace/workspace.lua:351]: Scan library at:	file:///home/notrevew/.emacs.d/.cache/lsp/lua-language-server/meta/Lua%205.4%20en-us%20utf8/debug.lua
[09:58:57.249][info] [#0:script/workspace/workspace.lua:351]: Scan library at:	file:///home/notrevew/.emacs.d/.cache/lsp/lua-language-server/meta/Lua%205.4%20en-us%20utf8/os.lua
[09:58:57.250][info] [#0:script/workspace/workspace.lua:351]: Scan library at:	file:///home/notrevew/.emacs.d/.cache/lsp/lua-language-server/meta/Lua%205.4%20en-us%20utf8/utf8.lua
[09:58:57.250][info] [#0:script/workspace/workspace.lua:351]: Scan library at:	file:///home/notrevew/.emacs.d/.cache/lsp/lua-language-server/meta/Lua%205.4%20en-us%20utf8/coroutine.lua
[09:58:57.251][info] [#0:script/workspace/workspace.lua:351]: Scan library at:	file:///home/notrevew/.emacs.d/.cache/lsp/lua-language-server/meta/Lua%205.4%20en-us%20utf8/package.lua
[09:58:57.251][info] [#0:script/workspace/workspace.lua:351]: Scan library at:	file:///home/notrevew/.emacs.d/.cache/lsp/lua-language-server/meta/Lua%205.4%20en-us%20utf8/basic.lua
[09:58:57.251][info] [#0:script/workspace/workspace.lua:351]: Scan library at:	file:///home/notrevew/.emacs.d/.cache/lsp/lua-language-server/meta/Lua%205.4%20en-us%20utf8/math.lua
[09:58:57.252][info] [#0:script/workspace/workspace.lua:351]: Scan library at:	file:///home/notrevew/.emacs.d/.cache/lsp/lua-language-server/meta/Lua%205.4%20en-us%20utf8/string.lua
[09:58:57.252][info] [#0:script/workspace/workspace.lua:351]: Scan library at:	file:///home/notrevew/.emacs.d/.cache/lsp/lua-language-server/meta/Lua%205.4%20en-us%20utf8/io.lua
[09:58:57.353][info] [#0:script/workspace/workspace.lua:377]: Found 11 files at:	<fallback>
[09:58:57.353][info] [#0:script/workspace/loading.lua:161]: Load files from disk:	<fallback>
[09:58:57.354][info] [#0:script/workspace/workspace.lua:377]: Found 14 files at:	file:///home/notrevew/Documents/python_work
[09:58:57.354][info] [#0:script/workspace/loading.lua:161]: Load files from disk:	file:///home/notrevew/Documents/python_work
[09:58:57.357][info] [#0:script/workspace/loading.lua:101]: Preload file at: file:///home/notrevew/.emacs.d/.cache/lsp/lua-language-server/meta/Lua%205.4%20en-us%20utf8/io.lua , size = 6.364 KB
[09:58:57.376][info] [#0:script/workspace/loading.lua:113]: ++++As library of:	file:///home/notrevew/.emacs.d/.cache/lsp/lua-language-server/meta/Lua%205.4%20en-us%20utf8/io.lua
[09:58:57.376][info] [#0:script/workspace/loading.lua:101]: Preload file at: file:///home/notrevew/.emacs.d/.cache/lsp/lua-language-server/meta/Lua%205.4%20en-us%20utf8/string.lua , size = 6.302 KB
[09:58:57.397][info] [#0:script/workspace/loading.lua:113]: ++++As library of:	file:///home/notrevew/.emacs.d/.cache/lsp/lua-language-server/meta/Lua%205.4%20en-us%20utf8/string.lua
[09:58:57.397][info] [#0:script/workspace/loading.lua:98]: Skip loaded file: file:///home/notrevew/.emacs.d/.cache/lsp/lua-language-server/meta/Lua%205.4%20en-us%20utf8/string.lua
[09:58:57.397][info] [#0:script/workspace/loading.lua:101]: Preload file at: file:///home/notrevew/.emacs.d/.cache/lsp/lua-language-server/meta/Lua%205.4%20en-us%20utf8/math.lua , size = 8.731 KB
[09:58:57.419][info] [#0:script/workspace/loading.lua:113]: ++++As library of:	file:///home/notrevew/.emacs.d/.cache/lsp/lua-language-server/meta/Lua%205.4%20en-us%20utf8/math.lua
[09:58:57.419][info] [#0:script/workspace/loading.lua:98]: Skip loaded file: file:///home/notrevew/.emacs.d/.cache/lsp/lua-language-server/meta/Lua%205.4%20en-us%20utf8/math.lua
[09:58:57.419][info] [#0:script/workspace/loading.lua:101]: Preload file at: file:///home/notrevew/.emacs.d/.cache/lsp/lua-language-server/meta/Lua%205.4%20en-us%20utf8/basic.lua , size = 14.160 KB
[09:58:57.452][info] [#0:script/workspace/loading.lua:113]: ++++As library of:	file:///home/notrevew/.emacs.d/.cache/lsp/lua-language-server/meta/Lua%205.4%20en-us%20utf8/basic.lua
[09:58:57.452][info] [#0:script/workspace/loading.lua:98]: Skip loaded file: file:///home/notrevew/.emacs.d/.cache/lsp/lua-language-server/meta/Lua%205.4%20en-us%20utf8/basic.lua
[09:58:57.452][info] [#0:script/workspace/loading.lua:101]: Preload file at: file:///home/notrevew/.emacs.d/.cache/lsp/lua-language-server/meta/Lua%205.4%20en-us%20utf8/package.lua , size = 2.944 KB
[09:58:57.458][info] [#0:script/workspace/loading.lua:113]: ++++As library of:	file:///home/notrevew/.emacs.d/.cache/lsp/lua-language-server/meta/Lua%205.4%20en-us%20utf8/package.lua
[09:58:57.459][info] [#0:script/workspace/loading.lua:98]: Skip loaded file: file:///home/notrevew/.emacs.d/.cache/lsp/lua-language-server/meta/Lua%205.4%20en-us%20utf8/package.lua
[09:58:57.459][info] [#0:script/workspace/loading.lua:101]: Preload file at: file:///home/notrevew/.emacs.d/.cache/lsp/lua-language-server/meta/Lua%205.4%20en-us%20utf8/coroutine.lua , size = 2.590 KB
[09:58:57.466][info] [#0:script/workspace/loading.lua:113]: ++++As library of:	file:///home/notrevew/.emacs.d/.cache/lsp/lua-language-server/meta/Lua%205.4%20en-us%20utf8/coroutine.lua
[09:58:57.466][info] [#0:script/workspace/loading.lua:98]: Skip loaded file: file:///home/notrevew/.emacs.d/.cache/lsp/lua-language-server/meta/Lua%205.4%20en-us%20utf8/coroutine.lua
[09:58:57.466][info] [#0:script/workspace/loading.lua:101]: Preload file at: file:///home/notrevew/.emacs.d/.cache/lsp/lua-language-server/meta/Lua%205.4%20en-us%20utf8/utf8.lua , size = 2.386 KB
[09:58:57.473][info] [#0:script/workspace/loading.lua:113]: ++++As library of:	file:///home/notrevew/.emacs.d/.cache/lsp/lua-language-server/meta/Lua%205.4%20en-us%20utf8/utf8.lua
[09:58:57.473][info] [#0:script/workspace/loading.lua:98]: Skip loaded file: file:///home/notrevew/.emacs.d/.cache/lsp/lua-language-server/meta/Lua%205.4%20en-us%20utf8/utf8.lua
[09:58:57.473][info] [#0:script/workspace/loading.lua:101]: Preload file at: file:///home/notrevew/.emacs.d/.cache/lsp/lua-language-server/meta/Lua%205.4%20en-us%20utf8/os.lua , size = 4.347 KB
[09:58:57.484][info] [#0:script/workspace/loading.lua:113]: ++++As library of:	file:///home/notrevew/.emacs.d/.cache/lsp/lua-language-server/meta/Lua%205.4%20en-us%20utf8/os.lua
[09:58:57.484][info] [#0:script/workspace/loading.lua:98]: Skip loaded file: file:///home/notrevew/.emacs.d/.cache/lsp/lua-language-server/meta/Lua%205.4%20en-us%20utf8/io.lua
[09:58:57.485][info] [#0:script/workspace/loading.lua:89]: Skip loaded file: file:///home/notrevew/.emacs.d/.cache/lsp/lua-language-server/meta/Lua%205.4%20en-us%20utf8/os.lua
[09:58:57.485][info] [#0:script/workspace/loading.lua:113]: ++++As library of:	file:///home/notrevew/.emacs.d/.cache/lsp/lua-language-server/meta/Lua%205.4%20en-us%20utf8/os.lua
[09:58:57.485][info] [#0:script/workspace/loading.lua:101]: Preload file at: file:///home/notrevew/.emacs.d/.cache/lsp/lua-language-server/meta/Lua%205.4%20en-us%20utf8/debug.lua , size = 7.637 KB
[09:58:57.515][info] [#0:script/workspace/loading.lua:113]: ++++As library of:	file:///home/notrevew/.emacs.d/.cache/lsp/lua-language-server/meta/Lua%205.4%20en-us%20utf8/debug.lua
[09:58:57.515][info] [#0:script/workspace/loading.lua:98]: Skip loaded file: file:///home/notrevew/.emacs.d/.cache/lsp/lua-language-server/meta/Lua%205.4%20en-us%20utf8/debug.lua
[09:58:57.515][info] [#0:script/workspace/loading.lua:101]: Preload file at: file:///home/notrevew/.emacs.d/.cache/lsp/lua-language-server/meta/Lua%205.4%20en-us%20utf8/builtin.lua , size = 0.302 KB
[09:58:57.518][info] [#0:script/workspace/loading.lua:113]: ++++As library of:	file:///home/notrevew/.emacs.d/.cache/lsp/lua-language-server/meta/Lua%205.4%20en-us%20utf8/builtin.lua
[09:58:57.518][info] [#0:script/workspace/loading.lua:98]: Skip loaded file: file:///home/notrevew/.emacs.d/.cache/lsp/lua-language-server/meta/Lua%205.4%20en-us%20utf8/builtin.lua
[09:58:57.519][info] [#0:script/workspace/loading.lua:89]: Skip loaded file: file:///home/notrevew/Documents/python_work/ad.lua
[09:58:57.519][info] [#0:script/workspace/loading.lua:101]: Preload file at: file:///home/notrevew/.emacs.d/.cache/lsp/lua-language-server/meta/Lua%205.4%20en-us%20utf8/table.lua , size = 4.230 KB
[09:58:57.529][info] [#0:script/workspace/loading.lua:113]: ++++As library of:	file:///home/notrevew/.emacs.d/.cache/lsp/lua-language-server/meta/Lua%205.4%20en-us%20utf8/table.lua
[09:58:57.530][info] [#0:script/workspace/loading.lua:101]: Preload file at: file:///home/notrevew/Documents/python_work/tesste.lua , size = 0.021 KB
[09:58:57.530][info] [#0:script/workspace/loading.lua:98]: Skip loaded file: file:///home/notrevew/.emacs.d/.cache/lsp/lua-language-server/meta/Lua%205.4%20en-us%20utf8/table.lua
[09:58:57.531][info] [#0:script/workspace/loading.lua:173]: Loaded files takes [0.182] sec: file:///home/notrevew/Documents/python_work
[09:58:57.531][info] [#0:script/workspace/loading.lua:182]: Compile files takes [0.000] sec: file:///home/notrevew/Documents/python_work
[09:58:57.531][info] [#0:script/workspace/loading.lua:183]: Loaded finish:	file:///home/notrevew/Documents/python_work
[09:58:57.531][info] [#0:script/workspace/workspace.lua:379]: Preload finish at:	file:///home/notrevew/Documents/python_work
[09:58:57.647][info] [#0:script/workspace/loading.lua:173]: Loaded files takes [0.197] sec: <fallback>
[09:58:57.647][info] [#0:script/workspace/loading.lua:182]: Compile files takes [0.000] sec: <fallback>
[09:58:57.647][info] [#0:script/workspace/loading.lua:183]: Loaded finish:	<fallback>
[09:58:57.647][info] [#0:script/workspace/workspace.lua:379]: Preload finish at:	<fallback>
[09:58:58.556][info] [#0:script/provider/diagnostic.lua:557]: Diagnostics scope [file:///home/notrevew/Documents/python_work], files count:[13]
[09:58:58.695][info] [#0:script/provider/diagnostic.lua:574]: Diagnostics scope [file:///home/notrevew/Documents/python_work] finished, takes [0.136] sec.
[09:59:54.719][info] [#0:script/workspace/workspace.lua:282]: Scan files at:	file:///home/notrevew/Documents/python_work/%23ad.lua%23
[09:59:54.721][info] [#0:script/workspace/loading.lua:161]: Load files from disk:	file:///home/notrevew/Documents/python_work/%23ad.lua%23
[09:59:54.721][info] [#0:script/workspace/loading.lua:173]: Loaded files takes [0.000] sec: file:///home/notrevew/Documents/python_work/%23ad.lua%23
[09:59:54.722][info] [#0:script/workspace/loading.lua:182]: Compile files takes [0.000] sec: file:///home/notrevew/Documents/python_work/%23ad.lua%23
[09:59:54.722][info] [#0:script/workspace/loading.lua:183]: Loaded finish:	file:///home/notrevew/Documents/python_work/%23ad.lua%23
